{
    "data": {
        "attributes": {
            "type_description": "ZIP",
            "tlsh": "T150093338F1FD485AF65D9039F2B63201E7A84B116B496DC53D1611888BEB2F2DF3B942",
            "vhash": "1a399b4f19093617aa7eadc39f8e8833",
            "type_tags": [
                "compressed",
                "zip"
            ],
            "names": [
                "crossover-23.0.1.zip",
                "CrossOver-23.0.1.zip"
            ],
            "signature_info": {
                "VersionMin": "658688",
                "CDHash": "ebac74f0aac8e1cd5fe020fb91dac560366b3092",
                "signers": "CodeWeavers Inc.; Apple Inc.; Apple Inc.",
                "Runtime Version": "13.1.0",
                "TeamIdentifier": "9C6B7X7Z8E",
                "CandidateCDHash sha256": "ebac74f0aac8e1cd5fe020fb91dac560366b3092",
                "Hash choices": "sha256",
                "Format": "app bundle with Mach-O thin (x86_64)",
                "Timestamp": "Sep 7, 2023 at 10:21:10 AM",
                "Signature size": "8981",
                "Executable Segment base": "0",
                "Page size": "4096",
                "VersionPlatform": "1",
                "CMSDigest": "ebac74f0aac8e1cd5fe020fb91dac560366b309297335f5be57ed88d670e65c4",
                "CMSDigestType": "2",
                "Executable Segment flags": "0x1",
                "CandidateCDHashFull sha256": "ebac74f0aac8e1cd5fe020fb91dac560366b309297335f5be57ed88d670e65c4",
                "verified": "Valid",
                "VersionSDK": "852224",
                "Identifier": "com.codeweavers.CrossOver",
                "signers details": [
                    {
                        "valid usage": "",
                        "status": "Valid",
                        "name": "CodeWeavers Inc.",
                        "algorithm": "sha256WithRSAEncryption",
                        "valid from": "07:53 PM 02/09/2022",
                        "valid to": "10:12 PM 02/01/2027",
                        "serial number": "61 D6 73 CF A6 6B 3D 33",
                        "cert issuer": "Apple Inc.",
                        "thumbprint": "92123D9880B22A26FB276F86F011394F5DC64EF3"
                    },
                    {
                        "valid usage": "",
                        "status": "Valid",
                        "name": "Apple Inc.",
                        "algorithm": "sha256WithRSAEncryption",
                        "valid from": "10:12 PM 02/01/2012",
                        "valid to": "10:12 PM 02/01/2027",
                        "serial number": "18 7A A9 A8 C2 96 21 0C",
                        "cert issuer": "Apple Inc.",
                        "thumbprint": "3B166C3B7DC4B751C9FE2AFAB9135641E388E186"
                    },
                    {
                        "valid usage": "",
                        "status": "Valid",
                        "name": "Apple Inc.",
                        "algorithm": "sha1WithRSAEncryption",
                        "valid from": "09:40 PM 04/25/2006",
                        "valid to": "09:40 PM 02/09/2035",
                        "serial number": "2",
                        "cert issuer": "Apple Inc.",
                        "thumbprint": "611E5B662C593A08FF58D14AE22452D198DF6C60"
                    }
                ],
                "Info.plist entries": "38",
                "Authority": "Apple Root CA",
                "Executable Segment limit": "622592"
            },
            "last_modification_date": 1694270844,
            "type_tag": "zip",
            "times_submitted": 3,
            "total_votes": {
                "harmless": 0,
                "malicious": 0
            },
            "size": 384583926,
            "type_extension": "zip",
            "last_submission_date": 1694270844,
            "sigma_analysis_results": [
                {
                    "rule_title": "HanaLoader (Sysmon detection)",
                    "rule_source": "SOC Prime Threat Detection Marketplace",
                    "match_context": [
                        {
                            "values": {
                                "EventID": "11",
                                "ProcessId": "2760",
                                "TargetFilename": "C:\\Users\\george\\AppData\\Local\\Temp\\krqs02ru.fcm\\CrossOver.app\\Contents\\SharedSupport\\CrossOver\\lib\\wine\\i386-windows\\msvcr100.dll",
                                "ProcessGuid": "{C784477D-3EC7-64FA-1906-000000004400}",
                                "CreationUtcTime": "1694121712",
                                "UtcTime": "1694121712",
                                "RuleName": "DLL",
                                "Image": "C:\\Windows\\SysWOW64\\7za.exe"
                            }
                        },
                        {
                            "values": {
                                "EventID": "11",
                                "ProcessId": "2760",
                                "Image": "C:\\Windows\\SysWOW64\\7za.exe",
                                "ProcessGuid": "{C784477D-3EC7-64FA-1906-000000004400}",
                                "CreationUtcTime": "1694121737",
                                "UtcTime": "1694121737",
                                "RuleName": "DLL",
                                "TargetFilename": "C:\\Users\\george\\AppData\\Local\\Temp\\krqs02ru.fcm\\CrossOver.app\\Contents\\SharedSupport\\CrossOver\\lib\\wine\\x86_64-windows\\msvcr100.dll"
                            }
                        }
                    ],
                    "rule_level": "high",
                    "rule_description": "HanaLoader its a tool used by APT31 Group.",
                    "rule_author": "Ariel Millahuel",
                    "rule_id": "38853c8efaf750ffd744961ebcbeb037146acaabb9ca85c445af59f87e98e44d"
                },
                {
                    "rule_title": "Creation of an WerFault.exe in Unusual Folder",
                    "rule_source": "Sigma Integrated Rule Set (GitHub)",
                    "match_context": [
                        {
                            "values": {
                                "EventID": "11",
                                "ProcessId": "2760",
                                "TargetFilename": "C:\\Users\\george\\AppData\\Local\\Temp\\krqs02ru.fcm\\CrossOver.app\\Contents\\SharedSupport\\CrossOver\\lib\\wine\\i386-windows\\wer.dll",
                                "ProcessGuid": "{C784477D-3EC7-64FA-1906-000000004400}",
                                "CreationUtcTime": "1694121712",
                                "UtcTime": "1694121712",
                                "RuleName": "DLL",
                                "Image": "C:\\Windows\\SysWOW64\\7za.exe"
                            }
                        },
                        {
                            "values": {
                                "EventID": "11",
                                "ProcessId": "2760",
                                "Image": "C:\\Windows\\SysWOW64\\7za.exe",
                                "RuleName": "DLL",
                                "CreationUtcTime": "1694121736",
                                "UtcTime": "1694121736",
                                "ProcessGuid": "{C784477D-3EC7-64FA-1906-000000004400}",
                                "TargetFilename": "C:\\Users\\george\\AppData\\Local\\Temp\\krqs02ru.fcm\\CrossOver.app\\Contents\\SharedSupport\\CrossOver\\lib\\wine\\x86_64-windows\\wer.dll"
                            }
                        }
                    ],
                    "rule_level": "high",
                    "rule_description": "Detects WerFault copoed to a suspicious folder, which could be a sign of WerFault DLL hijacking",
                    "rule_author": "frack113",
                    "rule_id": "4469b0111d1f4747a00542caf4ceadd719bff3e7e6e21793e9446d294be895bb"
                },
                {
                    "rule_title": "DropboxAES RAT (Sysmon detection)",
                    "rule_source": "SOC Prime Threat Detection Marketplace",
                    "match_context": [
                        {
                            "values": {
                                "EventID": "11",
                                "ProcessId": "2760",
                                "TargetFilename": "C:\\Users\\george\\AppData\\Local\\Temp\\krqs02ru.fcm\\CrossOver.app\\Contents\\SharedSupport\\CrossOver\\lib\\wine\\i386-windows\\msvcr100.dll",
                                "ProcessGuid": "{C784477D-3EC7-64FA-1906-000000004400}",
                                "CreationUtcTime": "1694121712",
                                "UtcTime": "1694121712",
                                "RuleName": "DLL",
                                "Image": "C:\\Windows\\SysWOW64\\7za.exe"
                            }
                        },
                        {
                            "values": {
                                "EventID": "11",
                                "ProcessId": "2760",
                                "Image": "C:\\Windows\\SysWOW64\\7za.exe",
                                "ProcessGuid": "{C784477D-3EC7-64FA-1906-000000004400}",
                                "CreationUtcTime": "1694121737",
                                "UtcTime": "1694121737",
                                "RuleName": "DLL",
                                "TargetFilename": "C:\\Users\\george\\AppData\\Local\\Temp\\krqs02ru.fcm\\CrossOver.app\\Contents\\SharedSupport\\CrossOver\\lib\\wine\\x86_64-windows\\msvcr100.dll"
                            }
                        }
                    ],
                    "rule_level": "high",
                    "rule_description": "DropboxAES is a simple remote access trojan (RAT) used by APT31 Group. The RAT uses the Dropbox file-sharing service for its command and control (C2) communications",
                    "rule_author": "Ariel Millahuel",
                    "rule_id": "8c558244a29064b6842314ce986116d2007b1087f6f8bb45ae883911d0155549"
                },
                {
                    "rule_title": "Malicious behaviour on user login (Microsoft Windows - c0d0s0 group behavior)",
                    "rule_source": "SOC Prime Threat Detection Marketplace",
                    "match_context": [
                        {
                            "values": {
                                "EventID": "11",
                                "ProcessId": "2760",
                                "TargetFilename": "C:\\Users\\george\\AppData\\Local\\Temp\\krqs02ru.fcm\\CrossOver.app\\Contents\\SharedSupport\\CrossOver\\lib\\wine\\i386-windows\\dbgeng.dll",
                                "ProcessGuid": "{C784477D-3EC7-64FA-1906-000000004400}",
                                "CreationUtcTime": "1694121724",
                                "UtcTime": "1694121724",
                                "RuleName": "DLL",
                                "Image": "C:\\Windows\\SysWOW64\\7za.exe"
                            }
                        },
                        {
                            "values": {
                                "EventID": "11",
                                "ProcessId": "2760",
                                "TargetFilename": "C:\\Users\\george\\AppData\\Local\\Temp\\krqs02ru.fcm\\CrossOver.app\\Contents\\SharedSupport\\CrossOver\\lib\\wine\\x86_64-windows\\dbgeng.dll",
                                "RuleName": "DLL",
                                "CreationUtcTime": "1694121750",
                                "UtcTime": "1694121750",
                                "ProcessGuid": "{C784477D-3EC7-64FA-1906-000000004400}",
                                "Image": "C:\\Windows\\SysWOW64\\7za.exe"
                            }
                        }
                    ],
                    "rule_level": "high",
                    "rule_description": "Detects malicious registry values and unusual AppData folder modification related also to c0d0s0 group.",
                    "rule_author": "Ariel Millahuel",
                    "rule_id": "bf0f7d2a84916abcc597e4a38a6231519b38af0223147ef15e28c7ab83f47c7d"
                },
                {
                    "rule_title": "Password Protected Compressed File Extraction Via 7Zip",
                    "rule_source": "Sigma Integrated Rule Set (GitHub)",
                    "match_context": [
                        {
                            "values": {
                                "TerminalSessionId": "1",
                                "ProcessGuid": "{C784477D-3EC7-64FA-1906-000000004400}",
                                "ProcessId": "2760",
                                "Product": "7-Zip",
                                "Description": "7-Zip Console",
                                "Company": "Igor Pavlov",
                                "ParentProcessGuid": "{C784477D-3EC7-64FA-1806-000000004400}",
                                "User": "DESKTOP-B0T93D6\\george",
                                "Hashes": "MD5=77E556CDFDC5C592F5C46DB4127C6F4C,SHA256=034ECA579F68B44F8F41294D8C9DAC96F032C57DEE0877095DA47913060DFF84,IMPHASH=6D26C857784EEA32AC92DCB74E598644",
                                "OriginalFileName": "7z.exe",
                                "ParentImage": "C:\\Windows\\SysWOW64\\unarchiver.exe",
                                "FileVersion": "18.05",
                                "ParentProcessId": "2524",
                                "CurrentDirectory": "C:\\Users\\george\\Desktop\\",
                                "CommandLine": "\"C:\\Windows\\System32\\7za.exe\" x -pinfected -y -o\"C:\\Users\\george\\AppData\\Local\\Temp\\krqs02ru.fcm\" \"C:\\Users\\george\\Desktop\\CrossOver-23.0.1.zip\"",
                                "EventID": "1",
                                "LogonGuid": "C784477D-F300-6489-33C2-030000000000",
                                "LogonId": "246323",
                                "Image": "C:\\Windows\\SysWOW64\\7za.exe",
                                "IntegrityLevel": "High",
                                "ParentCommandLine": "\"C:\\Windows\\SysWOW64\\unarchiver.exe\" \"C:\\Users\\george\\Desktop\\CrossOver-23.0.1.zip\"",
                                "UtcTime": "1694121671",
                                "RuleName": "-"
                            }
                        }
                    ],
                    "rule_level": "medium",
                    "rule_description": "Detects usage of 7zip utilities (7z.exe, 7za.exe and 7zr.exe) to extract password protected zip files.",
                    "rule_author": "Nasreddine Bencherchali (Nextron Systems)",
                    "rule_id": "22e867c244280c1d01bcddc8355c10d82b6c69577cd784cefbbe4eb5e7a82f65"
                },
                {
                    "rule_title": "Creation of an Executable by an Executable",
                    "rule_source": "Sigma Integrated Rule Set (GitHub)",
                    "match_context": [
                        {
                            "values": {
                                "EventID": "11",
                                "ProcessId": "2760",
                                "Image": "C:\\Windows\\SysWOW64\\7za.exe",
                                "ProcessGuid": "{C784477D-3EC7-64FA-1906-000000004400}",
                                "CreationUtcTime": "1694121701",
                                "UtcTime": "1694121701",
                                "RuleName": "EXE",
                                "TargetFilename": "C:\\Users\\george\\AppData\\Local\\Temp\\krqs02ru.fcm\\CrossOver.app\\Contents\\SharedSupport\\CrossOver\\lib\\wine\\i386-windows\\findfast.exe"
                            }
                        },
                        {
                            "values": {
                                "EventID": "11",
                                "ProcessId": "2760",
                                "Image": "C:\\Windows\\SysWOW64\\7za.exe",
                                "ProcessGuid": "{C784477D-3EC7-64FA-1906-000000004400}",
                                "CreationUtcTime": "1694121701",
                                "UtcTime": "1694121701",
                                "RuleName": "EXE",
                                "TargetFilename": "C:\\Users\\george\\AppData\\Local\\Temp\\krqs02ru.fcm\\CrossOver.app\\Contents\\SharedSupport\\CrossOver\\lib\\wine\\i386-windows\\cmd.exe"
                            }
                        },
                        {
                            "values": {
                                "EventID": "11",
                                "ProcessId": "2760",
                                "TargetFilename": "C:\\Users\\george\\AppData\\Local\\Temp\\krqs02ru.fcm\\CrossOver.app\\Contents\\SharedSupport\\CrossOver\\lib\\wine\\i386-windows\\ngen.exe",
                                "ProcessGuid": "{C784477D-3EC7-64FA-1906-000000004400}",
                                "CreationUtcTime": "1694121702",
                                "UtcTime": "1694121702",
                                "RuleName": "EXE",
                                "Image": "C:\\Windows\\SysWOW64\\7za.exe"
                            }
                        },
                        {
                            "values": {
                                "EventID": "11",
                                "ProcessId": "2760",
                                "TargetFilename": "C:\\Users\\george\\AppData\\Local\\Temp\\krqs02ru.fcm\\CrossOver.app\\Contents\\SharedSupport\\CrossOver\\lib\\wine\\i386-windows\\iexplore.exe",
                                "ProcessGuid": "{C784477D-3EC7-64FA-1906-000000004400}",
                                "CreationUtcTime": "1694121702",
                                "UtcTime": "1694121702",
                                "RuleName": "EXE",
                                "Image": "C:\\Windows\\SysWOW64\\7za.exe"
                            }
                        },
                        {
                            "values": {
                                "EventID": "11",
                                "ProcessId": "2760",
                                "Image": "C:\\Windows\\SysWOW64\\7za.exe",
                                "ProcessGuid": "{C784477D-3EC7-64FA-1906-000000004400}",
                                "CreationUtcTime": "1694121702",
                                "UtcTime": "1694121702",
                                "RuleName": "EXE",
                                "TargetFilename": "C:\\Users\\george\\AppData\\Local\\Temp\\krqs02ru.fcm\\CrossOver.app\\Contents\\SharedSupport\\CrossOver\\lib\\wine\\i386-windows\\cxcplinfo.exe"
                            }
                        },
                        {
                            "values": {
                                "EventID": "11",
                                "ProcessId": "2760",
                                "TargetFilename": "C:\\Users\\george\\AppData\\Local\\Temp\\krqs02ru.fcm\\CrossOver.app\\Contents\\SharedSupport\\CrossOver\\lib\\wine\\i386-windows\\net.exe",
                                "ProcessGuid": "{C784477D-3EC7-64FA-1906-000000004400}",
                                "CreationUtcTime": "1694121702",
                                "UtcTime": "1694121702",
                                "RuleName": "EXE",
                                "Image": "C:\\Windows\\SysWOW64\\7za.exe"
                            }
                        },
                        {
                            "values": {
                                "EventID": "11",
                                "ProcessId": "2760",
                                "Image": "C:\\Windows\\SysWOW64\\7za.exe",
                                "ProcessGuid": "{C784477D-3EC7-64FA-1906-000000004400}",
                                "CreationUtcTime": "1694121703",
                                "UtcTime": "1694121703",
                                "RuleName": "EXE",
                                "TargetFilename": "C:\\Users\\george\\AppData\\Local\\Temp\\krqs02ru.fcm\\CrossOver.app\\Contents\\SharedSupport\\CrossOver\\lib\\wine\\i386-windows\\ping.exe"
                            }
                        },
                        {
                            "values": {
                                "EventID": "11",
                                "ProcessId": "2760",
                                "TargetFilename": "C:\\Users\\george\\AppData\\Local\\Temp\\krqs02ru.fcm\\CrossOver.app\\Contents\\SharedSupport\\CrossOver\\lib\\wine\\i386-windows\\wscript.exe",
                                "ProcessGuid": "{C784477D-3EC7-64FA-1906-000000004400}",
                                "CreationUtcTime": "1694121703",
                                "UtcTime": "1694121703",
                                "RuleName": "EXE",
                                "Image": "C:\\Windows\\SysWOW64\\7za.exe"
                            }
                        },
                        {
                            "values": {
                                "EventID": "11",
                                "ProcessId": "2760",
                                "Image": "C:\\Windows\\SysWOW64\\7za.exe",
                                "ProcessGuid": "{C784477D-3EC7-64FA-1906-000000004400}",
                                "CreationUtcTime": "1694121703",
                                "UtcTime": "1694121703",
                                "RuleName": "EXE",
                                "TargetFilename": "C:\\Users\\george\\AppData\\Local\\Temp\\krqs02ru.fcm\\CrossOver.app\\Contents\\SharedSupport\\CrossOver\\lib\\wine\\i386-windows\\rpcss.exe"
                            }
                        },
                        {
                            "values": {
                                "EventID": "11",
                                "ProcessId": "2760",
                                "TargetFilename": "C:\\Users\\george\\AppData\\Local\\Temp\\krqs02ru.fcm\\CrossOver.app\\Contents\\SharedSupport\\CrossOver\\lib\\wine\\i386-windows\\dpvsetup.exe",
                                "RuleName": "EXE",
                                "CreationUtcTime": "1694121703",
                                "UtcTime": "1694121703",
                                "ProcessGuid": "{C784477D-3EC7-64FA-1906-000000004400}",
                                "Image": "C:\\Windows\\SysWOW64\\7za.exe"
                            }
                        },
                        {
                            "values": {
                                "EventID": "11",
                                "ProcessId": "2760",
                                "TargetFilename": "C:\\Users\\george\\AppData\\Local\\Temp\\krqs02ru.fcm\\CrossOver.app\\Contents\\SharedSupport\\CrossOver\\lib\\wine\\i386-windows\\wusa.exe",
                                "ProcessGuid": "{C784477D-3EC7-64FA-1906-000000004400}",
                                "CreationUtcTime": "1694121704",
                                "UtcTime": "1694121704",
                                "RuleName": "EXE",
                                "Image": "C:\\Windows\\SysWOW64\\7za.exe"
                            }
                        },
                        {
                            "values": {
                                "EventID": "11",
                                "ProcessId": "2760",
                                "TargetFilename": "C:\\Users\\george\\AppData\\Local\\Temp\\krqs02ru.fcm\\CrossOver.app\\Contents\\SharedSupport\\CrossOver\\lib\\wine\\i386-windows\\shutdown.exe",
                                "RuleName": "EXE",
                                "CreationUtcTime": "1694121706",
                                "UtcTime": "1694121706",
                                "ProcessGuid": "{C784477D-3EC7-64FA-1906-000000004400}",
                                "Image": "C:\\Windows\\SysWOW64\\7za.exe"
                            }
                        },
                        {
                            "values": {
                                "EventID": "11",
                                "ProcessId": "2760",
                                "TargetFilename": "C:\\Users\\george\\AppData\\Local\\Temp\\krqs02ru.fcm\\CrossOver.app\\Contents\\SharedSupport\\CrossOver\\lib\\wine\\i386-windows\\sdbinst.exe",
                                "RuleName": "EXE",
                                "CreationUtcTime": "1694121706",
                                "UtcTime": "1694121706",
                                "ProcessGuid": "{C784477D-3EC7-64FA-1906-000000004400}",
                                "Image": "C:\\Windows\\SysWOW64\\7za.exe"
                            }
                        },
                        {
                            "values": {
                                "EventID": "11",
                                "ProcessId": "2760",
                                "TargetFilename": "C:\\Users\\george\\AppData\\Local\\Temp\\krqs02ru.fcm\\CrossOver.app\\Contents\\SharedSupport\\CrossOver\\lib\\wine\\i386-windows\\secedit.exe",
                                "ProcessGuid": "{C784477D-3EC7-64FA-1906-000000004400}",
                                "CreationUtcTime": "1694121706",
                                "UtcTime": "1694121706",
                                "RuleName": "EXE",
                                "Image": "C:\\Windows\\SysWOW64\\7za.exe"
                            }
                        },
                        {
                            "values": {
                                "EventID": "11",
                                "ProcessId": "2760",
                                "TargetFilename": "C:\\Users\\george\\AppData\\Local\\Temp\\krqs02ru.fcm\\CrossOver.app\\Contents\\SharedSupport\\CrossOver\\lib\\wine\\i386-windows\\find.exe",
                                "ProcessGuid": "{C784477D-3EC7-64FA-1906-000000004400}",
                                "CreationUtcTime": "1694121706",
                                "UtcTime": "1694121706",
                                "RuleName": "EXE",
                                "Image": "C:\\Windows\\SysWOW64\\7za.exe"
                            }
                        },
                        {
                            "values": {
                                "EventID": "11",
                                "ProcessId": "2760",
                                "TargetFilename": "C:\\Users\\george\\AppData\\Local\\Temp\\krqs02ru.fcm\\CrossOver.app\\Contents\\SharedSupport\\CrossOver\\lib\\wine\\i386-windows\\ctfmon.exe",
                                "ProcessGuid": "{C784477D-3EC7-64FA-1906-000000004400}",
                                "CreationUtcTime": "1694121706",
                                "UtcTime": "1694121706",
                                "RuleName": "EXE",
                                "Image": "C:\\Windows\\SysWOW64\\7za.exe"
                            }
                        },
                        {
                            "values": {
                                "EventID": "11",
                                "ProcessId": "2760",
                                "Image": "C:\\Windows\\SysWOW64\\7za.exe",
                                "ProcessGuid": "{C784477D-3EC7-64FA-1906-000000004400}",
                                "CreationUtcTime": "1694121707",
                                "UtcTime": "1694121707",
                                "RuleName": "EXE",
                                "TargetFilename": "C:\\Users\\george\\AppData\\Local\\Temp\\krqs02ru.fcm\\CrossOver.app\\Contents\\SharedSupport\\CrossOver\\lib\\wine\\i386-windows\\mosearch.exe"
                            }
                        },
                        {
                            "values": {
                                "EventID": "11",
                                "ProcessId": "2760",
                                "TargetFilename": "C:\\Users\\george\\AppData\\Local\\Temp\\krqs02ru.fcm\\CrossOver.app\\Contents\\SharedSupport\\CrossOver\\lib\\wine\\i386-windows\\termsv.exe",
                                "ProcessGuid": "{C784477D-3EC7-64FA-1906-000000004400}",
                                "CreationUtcTime": "1694121707",
                                "UtcTime": "1694121707",
                                "RuleName": "EXE",
                                "Image": "C:\\Windows\\SysWOW64\\7za.exe"
                            }
                        },
                        {
                            "values": {
                                "EventID": "11",
                                "ProcessId": "2760",
                                "Image": "C:\\Windows\\SysWOW64\\7za.exe",
                                "ProcessGuid": "{C784477D-3EC7-64FA-1906-000000004400}",
                                "CreationUtcTime": "1694121707",
                                "UtcTime": "1694121707",
                                "RuleName": "EXE",
                                "TargetFilename": "C:\\Users\\george\\AppData\\Local\\Temp\\krqs02ru.fcm\\CrossOver.app\\Contents\\SharedSupport\\CrossOver\\lib\\wine\\i386-windows\\certutil.exe"
                            }
                        },
                        {
                            "values": {
                                "EventID": "11",
                                "ProcessId": "2760",
                                "TargetFilename": "C:\\Users\\george\\AppData\\Local\\Temp\\krqs02ru.fcm\\CrossOver.app\\Contents\\SharedSupport\\CrossOver\\lib\\wine\\i386-windows\\mshta.exe",
                                "ProcessGuid": "{C784477D-3EC7-64FA-1906-000000004400}",
                                "CreationUtcTime": "1694121708",
                                "UtcTime": "1694121708",
                                "RuleName": "EXE",
                                "Image": "C:\\Windows\\SysWOW64\\7za.exe"
                            }
                        },
                        {
                            "values": {
                                "EventID": "11",
                                "ProcessId": "2760",
                                "Image": "C:\\Windows\\SysWOW64\\7za.exe",
                                "RuleName": "EXE",
                                "CreationUtcTime": "1694121708",
                                "UtcTime": "1694121708",
                                "ProcessGuid": "{C784477D-3EC7-64FA-1906-000000004400}",
                                "TargetFilename": "C:\\Users\\george\\AppData\\Local\\Temp\\krqs02ru.fcm\\CrossOver.app\\Contents\\SharedSupport\\CrossOver\\lib\\wine\\i386-windows\\cxkeepalive.exe"
                            }
                        },
                        {
                            "values": {
                                "EventID": "11",
                                "ProcessId": "2760",
                                "TargetFilename": "C:\\Users\\george\\AppData\\Local\\Temp\\krqs02ru.fcm\\CrossOver.app\\Contents\\SharedSupport\\CrossOver\\lib\\wine\\i386-windows\\taskmgr.exe",
                                "ProcessGuid": "{C784477D-3EC7-64FA-1906-000000004400}",
                                "CreationUtcTime": "1694121708",
                                "UtcTime": "1694121708",
                                "RuleName": "EXE",
                                "Image": "C:\\Windows\\SysWOW64\\7za.exe"
                            }
                        },
                        {
                            "values": {
                                "EventID": "11",
                                "ProcessId": "2760",
                                "TargetFilename": "C:\\Users\\george\\AppData\\Local\\Temp\\krqs02ru.fcm\\CrossOver.app\\Contents\\SharedSupport\\CrossOver\\lib\\wine\\i386-windows\\imjpmig.exe",
                                "ProcessGuid": "{C784477D-3EC7-64FA-1906-000000004400}",
                                "CreationUtcTime": "1694121708",
                                "UtcTime": "1694121708",
                                "RuleName": "EXE",
                                "Image": "C:\\Windows\\SysWOW64\\7za.exe"
                            }
                        },
                        {
                            "values": {
                                "EventID": "11",
                                "ProcessId": "2760",
                                "Image": "C:\\Windows\\SysWOW64\\7za.exe",
                                "ProcessGuid": "{C784477D-3EC7-64FA-1906-000000004400}",
                                "CreationUtcTime": "1694121709",
                                "UtcTime": "1694121709",
                                "RuleName": "EXE",
                                "TargetFilename": "C:\\Users\\george\\AppData\\Local\\Temp\\krqs02ru.fcm\\CrossOver.app\\Contents\\SharedSupport\\CrossOver\\lib\\wine\\i386-windows\\findstr.exe"
                            }
                        },
                        {
                            "values": {
                                "EventID": "11",
                                "ProcessId": "2760",
                                "Image": "C:\\Windows\\SysWOW64\\7za.exe",
                                "RuleName": "EXE",
                                "CreationUtcTime": "1694121709",
                                "UtcTime": "1694121709",
                                "ProcessGuid": "{C784477D-3EC7-64FA-1906-000000004400}",
                                "TargetFilename": "C:\\Users\\george\\AppData\\Local\\Temp\\krqs02ru.fcm\\CrossOver.app\\Contents\\SharedSupport\\CrossOver\\lib\\wine\\i386-windows\\arp.exe"
                            }
                        },
                        {
                            "values": {
                                "EventID": "11",
                                "ProcessId": "2760",
                                "Image": "C:\\Windows\\SysWOW64\\7za.exe",
                                "ProcessGuid": "{C784477D-3EC7-64FA-1906-000000004400}",
                                "CreationUtcTime": "1694121709",
                                "UtcTime": "1694121709",
                                "RuleName": "EXE",
                                "TargetFilename": "C:\\Users\\george\\AppData\\Local\\Temp\\krqs02ru.fcm\\CrossOver.app\\Contents\\SharedSupport\\CrossOver\\lib\\wine\\i386-windows\\cxmanip.exe"
                            }
                        },
                        {
                            "values": {
                                "EventID": "11",
                                "ProcessId": "2760",
                                "Image": "C:\\Windows\\SysWOW64\\7za.exe",
                                "ProcessGuid": "{C784477D-3EC7-64FA-1906-000000004400}",
                                "CreationUtcTime": "1694121709",
                                "UtcTime": "1694121709",
                                "RuleName": "EXE",
                                "TargetFilename": "C:\\Users\\george\\AppData\\Local\\Temp\\krqs02ru.fcm\\CrossOver.app\\Contents\\SharedSupport\\CrossOver\\lib\\wine\\i386-windows\\reg.exe"
                            }
                        },
                        {
                            "values": {
                                "EventID": "11",
                                "ProcessId": "2760",
                                "TargetFilename": "C:\\Users\\george\\AppData\\Local\\Temp\\krqs02ru.fcm\\CrossOver.app\\Contents\\SharedSupport\\CrossOver\\lib\\wine\\i386-windows\\qttask.exe",
                                "RuleName": "EXE",
                                "CreationUtcTime": "1694121710",
                                "UtcTime": "1694121710",
                                "ProcessGuid": "{C784477D-3EC7-64FA-1906-000000004400}",
                                "Image": "C:\\Windows\\SysWOW64\\7za.exe"
                            }
                        },
                        {
                            "values": {
                                "EventID": "11",
                                "ProcessId": "2760",
                                "Image": "C:\\Windows\\SysWOW64\\7za.exe",
                                "ProcessGuid": "{C784477D-3EC7-64FA-1906-000000004400}",
                                "CreationUtcTime": "1694121710",
                                "UtcTime": "1694121710",
                                "RuleName": "EXE",
                                "TargetFilename": "C:\\Users\\george\\AppData\\Local\\Temp\\krqs02ru.fcm\\CrossOver.app\\Contents\\SharedSupport\\CrossOver\\lib\\wine\\i386-windows\\dllhost.exe"
                            }
                        },
                        {
                            "values": {
                                "EventID": "11",
                                "ProcessId": "2760",
                                "TargetFilename": "C:\\Users\\george\\AppData\\Local\\Temp\\krqs02ru.fcm\\CrossOver.app\\Contents\\SharedSupport\\CrossOver\\lib\\wine\\i386-windows\\cscript.exe",
                                "ProcessGuid": "{C784477D-3EC7-64FA-1906-000000004400}",
                                "CreationUtcTime": "1694121710",
                                "UtcTime": "1694121710",
                                "RuleName": "EXE",
                                "Image": "C:\\Windows\\SysWOW64\\7za.exe"
                            }
                        },
                        {
                            "values": {
                                "EventID": "11",
                                "ProcessId": "2760",
                                "Image": "C:\\Windows\\SysWOW64\\7za.exe",
                                "ProcessGuid": "{C784477D-3EC7-64FA-1906-000000004400}",
                                "CreationUtcTime": "1694121710",
                                "UtcTime": "1694121710",
                                "RuleName": "EXE",
                                "TargetFilename": "C:\\Users\\george\\AppData\\Local\\Temp\\krqs02ru.fcm\\CrossOver.app\\Contents\\SharedSupport\\CrossOver\\lib\\wine\\i386-windows\\dpnsvr.exe"
                            }
                        },
                        {
                            "values": {
                                "EventID": "11",
                                "ProcessId": "2760",
                                "TargetFilename": "C:\\Users\\george\\AppData\\Local\\Temp\\krqs02ru.fcm\\CrossOver.app\\Contents\\SharedSupport\\CrossOver\\lib\\wine\\i386-windows\\cxdummy.exe",
                                "RuleName": "EXE",
                                "CreationUtcTime": "1694121710",
                                "UtcTime": "1694121710",
                                "ProcessGuid": "{C784477D-3EC7-64FA-1906-000000004400}",
                                "Image": "C:\\Windows\\SysWOW64\\7za.exe"
                            }
                        },
                        {
                            "values": {
                                "EventID": "11",
                                "ProcessId": "2760",
                                "TargetFilename": "C:\\Users\\george\\AppData\\Local\\Temp\\krqs02ru.fcm\\CrossOver.app\\Contents\\SharedSupport\\CrossOver\\lib\\wine\\i386-windows\\progman.exe",
                                "ProcessGuid": "{C784477D-3EC7-64FA-1906-000000004400}",
                                "CreationUtcTime": "1694121711",
                                "UtcTime": "1694121711",
                                "RuleName": "EXE",
                                "Image": "C:\\Windows\\SysWOW64\\7za.exe"
                            }
                        },
                        {
                            "values": {
                                "EventID": "11",
                                "ProcessId": "2760",
                                "Image": "C:\\Windows\\SysWOW64\\7za.exe",
                                "ProcessGuid": "{C784477D-3EC7-64FA-1906-000000004400}",
                                "CreationUtcTime": "1694121711",
                                "UtcTime": "1694121711",
                                "RuleName": "EXE",
                                "TargetFilename": "C:\\Users\\george\\AppData\\Local\\Temp\\krqs02ru.fcm\\CrossOver.app\\Contents\\SharedSupport\\CrossOver\\lib\\wine\\i386-windows\\attrib.exe"
                            }
                        },
                        {
                            "values": {
                                "EventID": "11",
                                "ProcessId": "2760",
                                "Image": "C:\\Windows\\SysWOW64\\7za.exe",
                                "ProcessGuid": "{C784477D-3EC7-64FA-1906-000000004400}",
                                "CreationUtcTime": "1694121711",
                                "UtcTime": "1694121711",
                                "RuleName": "EXE",
                                "TargetFilename": "C:\\Users\\george\\AppData\\Local\\Temp\\krqs02ru.fcm\\CrossOver.app\\Contents\\SharedSupport\\CrossOver\\lib\\wine\\i386-windows\\wineboot.exe"
                            }
                        },
                        {
                            "values": {
                                "EventID": "11",
                                "ProcessId": "2760",
                                "TargetFilename": "C:\\Users\\george\\AppData\\Local\\Temp\\krqs02ru.fcm\\CrossOver.app\\Contents\\SharedSupport\\CrossOver\\lib\\wine\\i386-windows\\robocopy.exe",
                                "ProcessGuid": "{C784477D-3EC7-64FA-1906-000000004400}",
                                "CreationUtcTime": "1694121711",
                                "UtcTime": "1694121711",
                                "RuleName": "EXE",
                                "Image": "C:\\Windows\\SysWOW64\\7za.exe"
                            }
                        },
                        {
                            "values": {
                                "EventID": "11",
                                "ProcessId": "2760",
                                "TargetFilename": "C:\\Users\\george\\AppData\\Local\\Temp\\krqs02ru.fcm\\CrossOver.app\\Contents\\SharedSupport\\CrossOver\\lib\\wine\\i386-windows\\dism.exe",
                                "ProcessGuid": "{C784477D-3EC7-64FA-1906-000000004400}",
                                "CreationUtcTime": "1694121711",
                                "UtcTime": "1694121711",
                                "RuleName": "EXE",
                                "Image": "C:\\Windows\\SysWOW64\\7za.exe"
                            }
                        },
                        {
                            "values": {
                                "EventID": "11",
                                "ProcessId": "2760",
                                "TargetFilename": "C:\\Users\\george\\AppData\\Local\\Temp\\krqs02ru.fcm\\CrossOver.app\\Contents\\SharedSupport\\CrossOver\\lib\\wine\\i386-windows\\xcopy.exe",
                                "RuleName": "EXE",
                                "CreationUtcTime": "1694121712",
                                "UtcTime": "1694121712",
                                "ProcessGuid": "{C784477D-3EC7-64FA-1906-000000004400}",
                                "Image": "C:\\Windows\\SysWOW64\\7za.exe"
                            }
                        },
                        {
                            "values": {
                                "EventID": "11",
                                "ProcessId": "2760",
                                "TargetFilename": "C:\\Users\\george\\AppData\\Local\\Temp\\krqs02ru.fcm\\CrossOver.app\\Contents\\SharedSupport\\CrossOver\\lib\\wine\\i386-windows\\cxwget.exe",
                                "ProcessGuid": "{C784477D-3EC7-64FA-1906-000000004400}",
                                "CreationUtcTime": "1694121712",
                                "UtcTime": "1694121712",
                                "RuleName": "EXE",
                                "Image": "C:\\Windows\\SysWOW64\\7za.exe"
                            }
                        },
                        {
                            "values": {
                                "EventID": "11",
                                "ProcessId": "2760",
                                "TargetFilename": "C:\\Users\\george\\AppData\\Local\\Temp\\krqs02ru.fcm\\CrossOver.app\\Contents\\SharedSupport\\CrossOver\\lib\\wine\\i386-windows\\start.exe",
                                "ProcessGuid": "{C784477D-3EC7-64FA-1906-000000004400}",
                                "CreationUtcTime": "1694121713",
                                "UtcTime": "1694121713",
                                "RuleName": "EXE",
                                "Image": "C:\\Windows\\SysWOW64\\7za.exe"
                            }
                        },
                        {
                            "values": {
                                "EventID": "11",
                                "ProcessId": "2760",
                                "TargetFilename": "C:\\Users\\george\\AppData\\Local\\Temp\\krqs02ru.fcm\\CrossOver.app\\Contents\\SharedSupport\\CrossOver\\lib\\wine\\i386-windows\\icacls.exe",
                                "RuleName": "EXE",
                                "CreationUtcTime": "1694121713",
                                "UtcTime": "1694121713",
                                "ProcessGuid": "{C784477D-3EC7-64FA-1906-000000004400}",
                                "Image": "C:\\Windows\\SysWOW64\\7za.exe"
                            }
                        },
                        {
                            "values": {
                                "EventID": "11",
                                "ProcessId": "2760",
                                "Image": "C:\\Windows\\SysWOW64\\7za.exe",
                                "RuleName": "EXE",
                                "CreationUtcTime": "1694121713",
                                "UtcTime": "1694121713",
                                "ProcessGuid": "{C784477D-3EC7-64FA-1906-000000004400}",
                                "TargetFilename": "C:\\Users\\george\\AppData\\Local\\Temp\\krqs02ru.fcm\\CrossOver.app\\Contents\\SharedSupport\\CrossOver\\lib\\wine\\i386-windows\\msinfo32.exe"
                            }
                        },
                        {
                            "values": {
                                "EventID": "11",
                                "ProcessId": "2760",
                                "Image": "C:\\Windows\\SysWOW64\\7za.exe",
                                "ProcessGuid": "{C784477D-3EC7-64FA-1906-000000004400}",
                                "CreationUtcTime": "1694121714",
                                "UtcTime": "1694121714",
                                "RuleName": "EXE",
                                "TargetFilename": "C:\\Users\\george\\AppData\\Local\\Temp\\krqs02ru.fcm\\CrossOver.app\\Contents\\SharedSupport\\CrossOver\\lib\\wine\\i386-windows\\regsvcs.exe"
                            }
                        },
                        {
                            "values": {
                                "EventID": "11",
                                "ProcessId": "2760",
                                "Image": "C:\\Windows\\SysWOW64\\7za.exe",
                                "RuleName": "EXE",
                                "CreationUtcTime": "1694121714",
                                "UtcTime": "1694121714",
                                "ProcessGuid": "{C784477D-3EC7-64FA-1906-000000004400}",
                                "TargetFilename": "C:\\Users\\george\\AppData\\Local\\Temp\\krqs02ru.fcm\\CrossOver.app\\Contents\\SharedSupport\\CrossOver\\lib\\wine\\i386-windows\\wuauserv.exe"
                            }
                        },
                        {
                            "values": {
                                "EventID": "11",
                                "ProcessId": "2760",
                                "TargetFilename": "C:\\Users\\george\\AppData\\Local\\Temp\\krqs02ru.fcm\\CrossOver.app\\Contents\\SharedSupport\\CrossOver\\lib\\wine\\i386-windows\\autorun.exe",
                                "RuleName": "EXE",
                                "CreationUtcTime": "1694121714",
                                "UtcTime": "1694121714",
                                "ProcessGuid": "{C784477D-3EC7-64FA-1906-000000004400}",
                                "Image": "C:\\Windows\\SysWOW64\\7za.exe"
                            }
                        },
                        {
                            "values": {
                                "EventID": "11",
                                "ProcessId": "2760",
                                "TargetFilename": "C:\\Users\\george\\AppData\\Local\\Temp\\krqs02ru.fcm\\CrossOver.app\\Contents\\SharedSupport\\CrossOver\\lib\\wine\\i386-windows\\winedbg.exe",
                                "RuleName": "EXE",
                                "CreationUtcTime": "1694121714",
                                "UtcTime": "1694121714",
                                "ProcessGuid": "{C784477D-3EC7-64FA-1906-000000004400}",
                                "Image": "C:\\Windows\\SysWOW64\\7za.exe"
                            }
                        },
