{
    "data": {
        "attributes": {
            "type_description": "ZIP",
            "tlsh": "T181B73373A2AC4266E53ED8B325BE31DD4195101A44270DBF786481D89FEB7A77F3208B",
            "vhash": "0a4a914a27415358987312bbcf4a0062",
            "type_tags": [
                "compressed",
                "zip"
            ],
            "names": [
                "Winbox-mac-3.38.0.zip",
                "bc5fa5c7-be07-45b4-9dfd-f3367dfaf3bc"
            ],
            "last_modification_date": 1686293134,
            "type_tag": "zip",
            "times_submitted": 4,
            "total_votes": {
                "harmless": 0,
                "malicious": 0
            },
            "size": 50175499,
            "type_extension": "zip",
            "last_submission_date": 1686293133,
            "sigma_analysis_results": [
                {
                    "rule_title": "HanaLoader (Sysmon detection)",
                    "rule_source": "SOC Prime Threat Detection Marketplace",
                    "match_context": [
                        {
                            "values": {
                                "EventID": "11",
                                "ProcessId": "4248",
                                "TargetFilename": "C:\\Users\\george\\AppData\\Local\\Temp\\2e3ydydp.hu3\\Winbox-mac.app\\Contents\\Resources\\wine\\lib\\wine\\x86_64-windows\\msvcr100.dll",
                                "RuleName": "DLL",
                                "CreationUtcTime": "1683129569",
                                "UtcTime": "1683129569",
                                "ProcessGuid": "{C784477D-84D7-6452-4C06-000000003400}",
                                "Image": "C:\\Windows\\SysWOW64\\7za.exe"
                            }
                        }
                    ],
                    "rule_level": "high",
                    "rule_id": "38853c8efaf750ffd744961ebcbeb037146acaabb9ca85c445af59f87e98e44d",
                    "rule_author": "Ariel Millahuel",
                    "rule_description": "HanaLoader its a tool used by APT31 Group."
                },
                {
                    "rule_title": "Creation of an WerFault.exe in Unusual Folder",
                    "rule_source": "Sigma Integrated Rule Set (GitHub)",
                    "match_context": [
                        {
                            "values": {
                                "EventID": "11",
                                "ProcessId": "4248",
                                "TargetFilename": "C:\\Users\\george\\AppData\\Local\\Temp\\2e3ydydp.hu3\\Winbox-mac.app\\Contents\\Resources\\wine\\lib\\wine\\x86_64-windows\\wer.dll",
                                "RuleName": "DLL",
                                "CreationUtcTime": "1683129569",
                                "UtcTime": "1683129569",
                                "ProcessGuid": "{C784477D-84D7-6452-4C06-000000003400}",
                                "Image": "C:\\Windows\\SysWOW64\\7za.exe"
                            }
                        }
                    ],
                    "rule_level": "high",
                    "rule_id": "4469b0111d1f4747a00542caf4ceadd719bff3e7e6e21793e9446d294be895bb",
                    "rule_author": "frack113",
                    "rule_description": "Detects WerFault copoed to a suspicious folder, which could be a sign of WerFault DLL hijacking"
                },
                {
                    "rule_title": "DropboxAES RAT (Sysmon detection)",
                    "rule_source": "SOC Prime Threat Detection Marketplace",
                    "match_context": [
                        {
                            "values": {
                                "EventID": "11",
                                "ProcessId": "4248",
                                "TargetFilename": "C:\\Users\\george\\AppData\\Local\\Temp\\2e3ydydp.hu3\\Winbox-mac.app\\Contents\\Resources\\wine\\lib\\wine\\x86_64-windows\\msvcr100.dll",
                                "RuleName": "DLL",
                                "CreationUtcTime": "1683129569",
                                "UtcTime": "1683129569",
                                "ProcessGuid": "{C784477D-84D7-6452-4C06-000000003400}",
                                "Image": "C:\\Windows\\SysWOW64\\7za.exe"
                            }
                        }
                    ],
                    "rule_level": "high",
                    "rule_id": "8c558244a29064b6842314ce986116d2007b1087f6f8bb45ae883911d0155549",
                    "rule_author": "Ariel Millahuel",
                    "rule_description": "DropboxAES is a simple remote access trojan (RAT) used by APT31 Group. The RAT uses the Dropbox file-sharing service for its command and control (C2) communications"
                },
                {
                    "rule_title": "Malicious behaviour on user login (Microsoft Windows - c0d0s0 group behavior)",
                    "rule_source": "SOC Prime Threat Detection Marketplace",
                    "match_context": [
                        {
                            "values": {
                                "EventID": "11",
                                "ProcessId": "4248",
                                "TargetFilename": "C:\\Users\\george\\AppData\\Local\\Temp\\2e3ydydp.hu3\\Winbox-mac.app\\Contents\\Resources\\wine\\lib\\wine\\x86_64-windows\\dbgeng.dll",
                                "ProcessGuid": "{C784477D-84D7-6452-4C06-000000003400}",
                                "CreationUtcTime": "1683129583",
                                "UtcTime": "1683129583",
                                "RuleName": "DLL",
                                "Image": "C:\\Windows\\SysWOW64\\7za.exe"
                            }
                        }
                    ],
                    "rule_level": "high",
                    "rule_id": "bf0f7d2a84916abcc597e4a38a6231519b38af0223147ef15e28c7ab83f47c7d",
                    "rule_author": "Ariel Millahuel",
                    "rule_description": "Detects malicious registry values and unusual AppData folder modification related also to c0d0s0 group."
                },
                {
                    "rule_title": "Password Protected Compressed File Extraction Via 7Zip",
                    "rule_source": "Sigma Integrated Rule Set (GitHub)",
                    "match_context": [
                        {
                            "values": {
                                "TerminalSessionId": "1",
                                "ProcessGuid": "{C784477D-84D7-6452-4C06-000000003400}",
                                "ProcessId": "4248",
                                "Product": "7-Zip",
                                "Description": "7-Zip Console",
                                "Company": "Igor Pavlov",
                                "ParentProcessGuid": "{C784477D-84D7-6452-4B06-000000003400}",
                                "User": "DESKTOP-B0T93D6\\george",
                                "Hashes": "MD5=77E556CDFDC5C592F5C46DB4127C6F4C,SHA256=034ECA579F68B44F8F41294D8C9DAC96F032C57DEE0877095DA47913060DFF84,IMPHASH=6D26C857784EEA32AC92DCB74E598644",
                                "OriginalFileName": "7z.exe",
                                "ParentImage": "C:\\Windows\\SysWOW64\\unarchiver.exe",
                                "FileVersion": "18.05",
                                "ParentProcessId": "2800",
                                "CurrentDirectory": "C:\\Users\\george\\Desktop\\",
                                "CommandLine": "\"C:\\Windows\\System32\\7za.exe\" x -pinfected -y -o\"C:\\Users\\george\\AppData\\Local\\Temp\\2e3ydydp.hu3\" \"C:\\Users\\george\\Desktop\\Winbox-mac-3.38.0.zip\"",
                                "EventID": "1",
                                "LogonGuid": "C784477D-94DB-6442-E8D4-030000000000",
                                "LogonId": "251112",
                                "Image": "C:\\Windows\\SysWOW64\\7za.exe",
                                "IntegrityLevel": "High",
                                "ParentCommandLine": "\"C:\\Windows\\SysWOW64\\unarchiver.exe\" \"C:\\Users\\george\\Desktop\\Winbox-mac-3.38.0.zip\"",
                                "UtcTime": "1683129559",
                                "RuleName": "-"
                            }
                        }
                    ],
                    "rule_level": "medium",
                    "rule_id": "22e867c244280c1d01bcddc8355c10d82b6c69577cd784cefbbe4eb5e7a82f65",
                    "rule_author": "Nasreddine Bencherchali (Nextron Systems)",
                    "rule_description": "Detects usage of 7zip utilities (7z.exe, 7za.exe and 7zr.exe) to extract password protected zip files."
                },
                {
                    "rule_title": "Creation of an Executable by an Executable",
                    "rule_source": "Sigma Integrated Rule Set (GitHub)",
                    "match_context": [
                        {
                            "values": {
                                "EventID": "11",
                                "ProcessId": "4248",
                                "TargetFilename": "C:\\Users\\george\\AppData\\Local\\Temp\\2e3ydydp.hu3\\Winbox-mac.app\\Contents\\Resources\\winbox64.exe",
                                "ProcessGuid": "{C784477D-84D7-6452-4C06-000000003400}",
                                "CreationUtcTime": "1683129560",
                                "UtcTime": "1683129560",
                                "RuleName": "EXE",
                                "Image": "C:\\Windows\\SysWOW64\\7za.exe"
                            }
                        },
                        {
                            "values": {
                                "EventID": "11",
                                "ProcessId": "4248",
                                "TargetFilename": "C:\\Users\\george\\AppData\\Local\\Temp\\2e3ydydp.hu3\\Winbox-mac.app\\Contents\\Resources\\wine\\lib\\wine\\x86_64-windows\\view.exe",
                                "RuleName": "EXE",
                                "CreationUtcTime": "1683129561",
                                "UtcTime": "1683129561",
                                "ProcessGuid": "{C784477D-84D7-6452-4C06-000000003400}",
                                "Image": "C:\\Windows\\SysWOW64\\7za.exe"
                            }
                        },
                        {
                            "values": {
                                "EventID": "11",
                                "ProcessId": "4248",
                                "TargetFilename": "C:\\Users\\george\\AppData\\Local\\Temp\\2e3ydydp.hu3\\Winbox-mac.app\\Contents\\Resources\\wine\\lib\\wine\\x86_64-windows\\icinfo.exe",
                                "ProcessGuid": "{C784477D-84D7-6452-4C06-000000003400}",
                                "CreationUtcTime": "1683129561",
                                "UtcTime": "1683129561",
                                "RuleName": "EXE",
                                "Image": "C:\\Windows\\SysWOW64\\7za.exe"
                            }
                        },
                        {
                            "values": {
                                "EventID": "11",
                                "ProcessId": "4248",
                                "TargetFilename": "C:\\Users\\george\\AppData\\Local\\Temp\\2e3ydydp.hu3\\Winbox-mac.app\\Contents\\Resources\\wine\\lib\\wine\\x86_64-windows\\cmd.exe",
                                "RuleName": "EXE",
                                "CreationUtcTime": "1683129561",
                                "UtcTime": "1683129561",
                                "ProcessGuid": "{C784477D-84D7-6452-4C06-000000003400}",
                                "Image": "C:\\Windows\\SysWOW64\\7za.exe"
                            }
                        },
                        {
                            "values": {
                                "EventID": "11",
                                "ProcessId": "4248",
                                "TargetFilename": "C:\\Users\\george\\AppData\\Local\\Temp\\2e3ydydp.hu3\\Winbox-mac.app\\Contents\\Resources\\wine\\lib\\wine\\x86_64-windows\\ngen.exe",
                                "ProcessGuid": "{C784477D-84D7-6452-4C06-000000003400}",
                                "CreationUtcTime": "1683129561",
                                "UtcTime": "1683129561",
                                "RuleName": "EXE",
                                "Image": "C:\\Windows\\SysWOW64\\7za.exe"
                            }
                        },
                        {
                            "values": {
                                "EventID": "11",
                                "ProcessId": "4248",
                                "Image": "C:\\Windows\\SysWOW64\\7za.exe",
                                "ProcessGuid": "{C784477D-84D7-6452-4C06-000000003400}",
                                "CreationUtcTime": "1683129561",
                                "UtcTime": "1683129561",
                                "RuleName": "EXE",
                                "TargetFilename": "C:\\Users\\george\\AppData\\Local\\Temp\\2e3ydydp.hu3\\Winbox-mac.app\\Contents\\Resources\\wine\\lib\\wine\\x86_64-windows\\iexplore.exe"
                            }
                        },
                        {
                            "values": {
                                "EventID": "11",
                                "ProcessId": "4248",
                                "TargetFilename": "C:\\Users\\george\\AppData\\Local\\Temp\\2e3ydydp.hu3\\Winbox-mac.app\\Contents\\Resources\\wine\\lib\\wine\\x86_64-windows\\net.exe",
                                "RuleName": "EXE",
                                "CreationUtcTime": "1683129561",
                                "UtcTime": "1683129561",
                                "ProcessGuid": "{C784477D-84D7-6452-4C06-000000003400}",
                                "Image": "C:\\Windows\\SysWOW64\\7za.exe"
                            }
                        },
                        {
                            "values": {
                                "EventID": "11",
                                "ProcessId": "4248",
                                "TargetFilename": "C:\\Users\\george\\AppData\\Local\\Temp\\2e3ydydp.hu3\\Winbox-mac.app\\Contents\\Resources\\wine\\lib\\wine\\x86_64-windows\\ping.exe",
                                "RuleName": "EXE",
                                "CreationUtcTime": "1683129561",
                                "UtcTime": "1683129561",
                                "ProcessGuid": "{C784477D-84D7-6452-4C06-000000003400}",
                                "Image": "C:\\Windows\\SysWOW64\\7za.exe"
                            }
                        },
                        {
                            "values": {
                                "EventID": "11",
                                "ProcessId": "4248",
                                "TargetFilename": "C:\\Users\\george\\AppData\\Local\\Temp\\2e3ydydp.hu3\\Winbox-mac.app\\Contents\\Resources\\wine\\lib\\wine\\x86_64-windows\\wscript.exe",
                                "ProcessGuid": "{C784477D-84D7-6452-4C06-000000003400}",
                                "CreationUtcTime": "1683129561",
                                "UtcTime": "1683129561",
                                "RuleName": "EXE",
                                "Image": "C:\\Windows\\SysWOW64\\7za.exe"
                            }
                        },
                        {
                            "values": {
                                "EventID": "11",
                                "ProcessId": "4248",
                                "TargetFilename": "C:\\Users\\george\\AppData\\Local\\Temp\\2e3ydydp.hu3\\Winbox-mac.app\\Contents\\Resources\\wine\\lib\\wine\\x86_64-windows\\rpcss.exe",
                                "RuleName": "EXE",
                                "CreationUtcTime": "1683129561",
                                "UtcTime": "1683129561",
                                "ProcessGuid": "{C784477D-84D7-6452-4C06-000000003400}",
                                "Image": "C:\\Windows\\SysWOW64\\7za.exe"
                            }
                        },
                        {
                            "values": {
                                "EventID": "11",
                                "ProcessId": "4248",
                                "TargetFilename": "C:\\Users\\george\\AppData\\Local\\Temp\\2e3ydydp.hu3\\Winbox-mac.app\\Contents\\Resources\\wine\\lib\\wine\\x86_64-windows\\dpvsetup.exe",
                                "RuleName": "EXE",
                                "CreationUtcTime": "1683129562",
                                "UtcTime": "1683129562",
                                "ProcessGuid": "{C784477D-84D7-6452-4C06-000000003400}",
                                "Image": "C:\\Windows\\SysWOW64\\7za.exe"
                            }
                        },
                        {
                            "values": {
                                "EventID": "11",
                                "ProcessId": "4248",
                                "Image": "C:\\Windows\\SysWOW64\\7za.exe",
                                "RuleName": "EXE",
                                "CreationUtcTime": "1683129562",
                                "UtcTime": "1683129562",
                                "ProcessGuid": "{C784477D-84D7-6452-4C06-000000003400}",
                                "TargetFilename": "C:\\Users\\george\\AppData\\Local\\Temp\\2e3ydydp.hu3\\Winbox-mac.app\\Contents\\Resources\\wine\\lib\\wine\\x86_64-windows\\clock.exe"
                            }
                        },
                        {
                            "values": {
                                "EventID": "11",
                                "ProcessId": "4248",
                                "TargetFilename": "C:\\Users\\george\\AppData\\Local\\Temp\\2e3ydydp.hu3\\Winbox-mac.app\\Contents\\Resources\\wine\\lib\\wine\\x86_64-windows\\wusa.exe",
                                "ProcessGuid": "{C784477D-84D7-6452-4C06-000000003400}",
                                "CreationUtcTime": "1683129563",
                                "UtcTime": "1683129563",
                                "RuleName": "EXE",
                                "Image": "C:\\Windows\\SysWOW64\\7za.exe"
                            }
                        },
                        {
                            "values": {
                                "EventID": "11",
                                "ProcessId": "4248",
                                "TargetFilename": "C:\\Users\\george\\AppData\\Local\\Temp\\2e3ydydp.hu3\\Winbox-mac.app\\Contents\\Resources\\wine\\lib\\wine\\x86_64-windows\\shutdown.exe",
                                "RuleName": "EXE",
                                "CreationUtcTime": "1683129564",
                                "UtcTime": "1683129564",
                                "ProcessGuid": "{C784477D-84D7-6452-4C06-000000003400}",
                                "Image": "C:\\Windows\\SysWOW64\\7za.exe"
                            }
                        },
                        {
                            "values": {
                                "EventID": "11",
                                "ProcessId": "4248",
                                "TargetFilename": "C:\\Users\\george\\AppData\\Local\\Temp\\2e3ydydp.hu3\\Winbox-mac.app\\Contents\\Resources\\wine\\lib\\wine\\x86_64-windows\\sdbinst.exe",
                                "RuleName": "EXE",
                                "CreationUtcTime": "1683129564",
                                "UtcTime": "1683129564",
                                "ProcessGuid": "{C784477D-84D7-6452-4C06-000000003400}",
                                "Image": "C:\\Windows\\SysWOW64\\7za.exe"
                            }
                        },
                        {
                            "values": {
                                "EventID": "11",
                                "ProcessId": "4248",
                                "TargetFilename": "C:\\Users\\george\\AppData\\Local\\Temp\\2e3ydydp.hu3\\Winbox-mac.app\\Contents\\Resources\\wine\\lib\\wine\\x86_64-windows\\secedit.exe",
                                "RuleName": "EXE",
                                "CreationUtcTime": "1683129564",
                                "UtcTime": "1683129564",
                                "ProcessGuid": "{C784477D-84D7-6452-4C06-000000003400}",
                                "Image": "C:\\Windows\\SysWOW64\\7za.exe"
                            }
                        },
                        {
                            "values": {
                                "EventID": "11",
                                "ProcessId": "4248",
                                "TargetFilename": "C:\\Users\\george\\AppData\\Local\\Temp\\2e3ydydp.hu3\\Winbox-mac.app\\Contents\\Resources\\wine\\lib\\wine\\x86_64-windows\\find.exe",
                                "ProcessGuid": "{C784477D-84D7-6452-4C06-000000003400}",
                                "CreationUtcTime": "1683129564",
                                "UtcTime": "1683129564",
                                "RuleName": "EXE",
                                "Image": "C:\\Windows\\SysWOW64\\7za.exe"
                            }
                        },
                        {
                            "values": {
                                "EventID": "11",
                                "ProcessId": "4248",
                                "TargetFilename": "C:\\Users\\george\\AppData\\Local\\Temp\\2e3ydydp.hu3\\Winbox-mac.app\\Contents\\Resources\\wine\\lib\\wine\\x86_64-windows\\termsv.exe",
                                "RuleName": "EXE",
                                "CreationUtcTime": "1683129564",
                                "UtcTime": "1683129564",
                                "ProcessGuid": "{C784477D-84D7-6452-4C06-000000003400}",
                                "Image": "C:\\Windows\\SysWOW64\\7za.exe"
                            }
                        },
                        {
                            "values": {
                                "EventID": "11",
                                "ProcessId": "4248",
                                "Image": "C:\\Windows\\SysWOW64\\7za.exe",
                                "RuleName": "EXE",
                                "CreationUtcTime": "1683129565",
                                "UtcTime": "1683129565",
                                "ProcessGuid": "{C784477D-84D7-6452-4C06-000000003400}",
                                "TargetFilename": "C:\\Users\\george\\AppData\\Local\\Temp\\2e3ydydp.hu3\\Winbox-mac.app\\Contents\\Resources\\wine\\lib\\wine\\x86_64-windows\\mshta.exe"
                            }
                        },
                        {
                            "values": {
                                "EventID": "11",
                                "ProcessId": "4248",
                                "Image": "C:\\Windows\\SysWOW64\\7za.exe",
                                "ProcessGuid": "{C784477D-84D7-6452-4C06-000000003400}",
                                "CreationUtcTime": "1683129565",
                                "UtcTime": "1683129565",
                                "RuleName": "EXE",
                                "TargetFilename": "C:\\Users\\george\\AppData\\Local\\Temp\\2e3ydydp.hu3\\Winbox-mac.app\\Contents\\Resources\\wine\\lib\\wine\\x86_64-windows\\taskmgr.exe"
                            }
                        },
                        {
                            "values": {
                                "EventID": "11",
                                "ProcessId": "4248",
                                "TargetFilename": "C:\\Users\\george\\AppData\\Local\\Temp\\2e3ydydp.hu3\\Winbox-mac.app\\Contents\\Resources\\wine\\lib\\wine\\x86_64-windows\\findstr.exe",
                                "ProcessGuid": "{C784477D-84D7-6452-4C06-000000003400}",
                                "CreationUtcTime": "1683129566",
                                "UtcTime": "1683129566",
                                "RuleName": "EXE",
                                "Image": "C:\\Windows\\SysWOW64\\7za.exe"
                            }
                        },
                        {
                            "values": {
                                "EventID": "11",
                                "ProcessId": "4248",
                                "TargetFilename": "C:\\Users\\george\\AppData\\Local\\Temp\\2e3ydydp.hu3\\Winbox-mac.app\\Contents\\Resources\\wine\\lib\\wine\\x86_64-windows\\arp.exe",
                                "RuleName": "EXE",
                                "CreationUtcTime": "1683129566",
                                "UtcTime": "1683129566",
                                "ProcessGuid": "{C784477D-84D7-6452-4C06-000000003400}",
                                "Image": "C:\\Windows\\SysWOW64\\7za.exe"
                            }
                        },
                        {
                            "values": {
                                "EventID": "11",
                                "ProcessId": "4248",
                                "TargetFilename": "C:\\Users\\george\\AppData\\Local\\Temp\\2e3ydydp.hu3\\Winbox-mac.app\\Contents\\Resources\\wine\\lib\\wine\\x86_64-windows\\reg.exe",
                                "RuleName": "EXE",
                                "CreationUtcTime": "1683129566",
                                "UtcTime": "1683129566",
                                "ProcessGuid": "{C784477D-84D7-6452-4C06-000000003400}",
                                "Image": "C:\\Windows\\SysWOW64\\7za.exe"
                            }
                        },
                        {
                            "values": {
                                "EventID": "11",
                                "ProcessId": "4248",
                                "TargetFilename": "C:\\Users\\george\\AppData\\Local\\Temp\\2e3ydydp.hu3\\Winbox-mac.app\\Contents\\Resources\\wine\\lib\\wine\\x86_64-windows\\cscript.exe",
                                "RuleName": "EXE",
                                "CreationUtcTime": "1683129566",
                                "UtcTime": "1683129566",
                                "ProcessGuid": "{C784477D-84D7-6452-4C06-000000003400}",
                                "Image": "C:\\Windows\\SysWOW64\\7za.exe"
                            }
                        },
                        {
                            "values": {
                                "EventID": "11",
                                "ProcessId": "4248",
                                "TargetFilename": "C:\\Users\\george\\AppData\\Local\\Temp\\2e3ydydp.hu3\\Winbox-mac.app\\Contents\\Resources\\wine\\lib\\wine\\x86_64-windows\\dpnsvr.exe",
                                "ProcessGuid": "{C784477D-84D7-6452-4C06-000000003400}",
                                "CreationUtcTime": "1683129567",
                                "UtcTime": "1683129567",
                                "RuleName": "EXE",
                                "Image": "C:\\Windows\\SysWOW64\\7za.exe"
                            }
                        },
                        {
                            "values": {
                                "EventID": "11",
                                "ProcessId": "4248",
                                "TargetFilename": "C:\\Users\\george\\AppData\\Local\\Temp\\2e3ydydp.hu3\\Winbox-mac.app\\Contents\\Resources\\wine\\lib\\wine\\x86_64-windows\\progman.exe",
                                "RuleName": "EXE",
                                "CreationUtcTime": "1683129568",
                                "UtcTime": "1683129568",
                                "ProcessGuid": "{C784477D-84D7-6452-4C06-000000003400}",
                                "Image": "C:\\Windows\\SysWOW64\\7za.exe"
                            }
                        },
                        {
                            "values": {
                                "EventID": "11",
                                "ProcessId": "4248",
                                "TargetFilename": "C:\\Users\\george\\AppData\\Local\\Temp\\2e3ydydp.hu3\\Winbox-mac.app\\Contents\\Resources\\wine\\lib\\wine\\x86_64-windows\\attrib.exe",
                                "ProcessGuid": "{C784477D-84D7-6452-4C06-000000003400}",
                                "CreationUtcTime": "1683129568",
                                "UtcTime": "1683129568",
                                "RuleName": "EXE",
                                "Image": "C:\\Windows\\SysWOW64\\7za.exe"
                            }
                        },
                        {
                            "values": {
                                "EventID": "11",
                                "ProcessId": "4248",
                                "TargetFilename": "C:\\Users\\george\\AppData\\Local\\Temp\\2e3ydydp.hu3\\Winbox-mac.app\\Contents\\Resources\\wine\\lib\\wine\\x86_64-windows\\wineboot.exe",
                                "RuleName": "EXE",
                                "CreationUtcTime": "1683129568",
                                "UtcTime": "1683129568",
                                "ProcessGuid": "{C784477D-84D7-6452-4C06-000000003400}",
                                "Image": "C:\\Windows\\SysWOW64\\7za.exe"
                            }
                        },
                        {
                            "values": {
                                "EventID": "11",
                                "ProcessId": "4248",
                                "TargetFilename": "C:\\Users\\george\\AppData\\Local\\Temp\\2e3ydydp.hu3\\Winbox-mac.app\\Contents\\Resources\\wine\\lib\\wine\\x86_64-windows\\robocopy.exe",
                                "ProcessGuid": "{C784477D-84D7-6452-4C06-000000003400}",
                                "CreationUtcTime": "1683129568",
                                "UtcTime": "1683129568",
                                "RuleName": "EXE",
                                "Image": "C:\\Windows\\SysWOW64\\7za.exe"
                            }
                        },
                        {
                            "values": {
                                "EventID": "11",
                                "ProcessId": "4248",
                                "TargetFilename": "C:\\Users\\george\\AppData\\Local\\Temp\\2e3ydydp.hu3\\Winbox-mac.app\\Contents\\Resources\\wine\\lib\\wine\\x86_64-windows\\dism.exe",
                                "ProcessGuid": "{C784477D-84D7-6452-4C06-000000003400}",
                                "CreationUtcTime": "1683129568",
                                "UtcTime": "1683129568",
                                "RuleName": "EXE",
                                "Image": "C:\\Windows\\SysWOW64\\7za.exe"
                            }
                        },
                        {
                            "values": {
                                "EventID": "11",
                                "ProcessId": "4248",
                                "Image": "C:\\Windows\\SysWOW64\\7za.exe",
                                "RuleName": "EXE",
                                "CreationUtcTime": "1683129569",
                                "UtcTime": "1683129569",
                                "ProcessGuid": "{C784477D-84D7-6452-4C06-000000003400}",
                                "TargetFilename": "C:\\Users\\george\\AppData\\Local\\Temp\\2e3ydydp.hu3\\Winbox-mac.app\\Contents\\Resources\\wine\\lib\\wine\\x86_64-windows\\xcopy.exe"
                            }
                        },
                        {
                            "values": {
                                "EventID": "11",
                                "ProcessId": "4248",
                                "Image": "C:\\Windows\\SysWOW64\\7za.exe",
                                "RuleName": "EXE",
                                "CreationUtcTime": "1683129569",
                                "UtcTime": "1683129569",
                                "ProcessGuid": "{C784477D-84D7-6452-4C06-000000003400}",
                                "TargetFilename": "C:\\Users\\george\\AppData\\Local\\Temp\\2e3ydydp.hu3\\Winbox-mac.app\\Contents\\Resources\\wine\\lib\\wine\\x86_64-windows\\start.exe"
                            }
                        },
                        {
                            "values": {
                                "EventID": "11",
                                "ProcessId": "4248",
                                "TargetFilename": "C:\\Users\\george\\AppData\\Local\\Temp\\2e3ydydp.hu3\\Winbox-mac.app\\Contents\\Resources\\wine\\lib\\wine\\x86_64-windows\\icacls.exe",
                                "RuleName": "EXE",
                                "CreationUtcTime": "1683129569",
                                "UtcTime": "1683129569",
                                "ProcessGuid": "{C784477D-84D7-6452-4C06-000000003400}",
                                "Image": "C:\\Windows\\SysWOW64\\7za.exe"
                            }
                        },
                        {
                            "values": {
                                "EventID": "11",
                                "ProcessId": "4248",
                                "Image": "C:\\Windows\\SysWOW64\\7za.exe",
                                "RuleName": "EXE",
                                "CreationUtcTime": "1683129570",
                                "UtcTime": "1683129570",
                                "ProcessGuid": "{C784477D-84D7-6452-4C06-000000003400}",
                                "TargetFilename": "C:\\Users\\george\\AppData\\Local\\Temp\\2e3ydydp.hu3\\Winbox-mac.app\\Contents\\Resources\\wine\\lib\\wine\\x86_64-windows\\msinfo32.exe"
                            }
                        },
                        {
                            "values": {
                                "EventID": "11",
                                "ProcessId": "4248",
                                "TargetFilename": "C:\\Users\\george\\AppData\\Local\\Temp\\2e3ydydp.hu3\\Winbox-mac.app\\Contents\\Resources\\wine\\lib\\wine\\x86_64-windows\\regsvcs.exe",
                                "RuleName": "EXE",
                                "CreationUtcTime": "1683129570",
                                "UtcTime": "1683129570",
                                "ProcessGuid": "{C784477D-84D7-6452-4C06-000000003400}",
                                "Image": "C:\\Windows\\SysWOW64\\7za.exe"
                            }
                        },
                        {
                            "values": {
                                "EventID": "11",
                                "ProcessId": "4248",
                                "Image": "C:\\Windows\\SysWOW64\\7za.exe",
                                "RuleName": "EXE",
                                "CreationUtcTime": "1683129571",
                                "UtcTime": "1683129571",
                                "ProcessGuid": "{C784477D-84D7-6452-4C06-000000003400}",
                                "TargetFilename": "C:\\Users\\george\\AppData\\Local\\Temp\\2e3ydydp.hu3\\Winbox-mac.app\\Contents\\Resources\\wine\\lib\\wine\\x86_64-windows\\wuauserv.exe"
                            }
                        },
                        {
                            "values": {
                                "EventID": "11",
                                "ProcessId": "4248",
                                "Image": "C:\\Windows\\SysWOW64\\7za.exe",
                                "RuleName": "EXE",
                                "CreationUtcTime": "1683129571",
                                "UtcTime": "1683129571",
                                "ProcessGuid": "{C784477D-84D7-6452-4C06-000000003400}",
                                "TargetFilename": "C:\\Users\\george\\AppData\\Local\\Temp\\2e3ydydp.hu3\\Winbox-mac.app\\Contents\\Resources\\wine\\lib\\wine\\x86_64-windows\\winedbg.exe"
                            }
                        },
                        {
                            "values": {
                                "EventID": "11",
                                "ProcessId": "4248",
                                "TargetFilename": "C:\\Users\\george\\AppData\\Local\\Temp\\2e3ydydp.hu3\\Winbox-mac.app\\Contents\\Resources\\wine\\lib\\wine\\x86_64-windows\\winemenubuilder.exe",
                                "RuleName": "EXE",
                                "CreationUtcTime": "1683129571",
                                "UtcTime": "1683129571",
                                "ProcessGuid": "{C784477D-84D7-6452-4C06-000000003400}",
                                "Image": "C:\\Windows\\SysWOW64\\7za.exe"
                            }
                        },
                        {
                            "values": {
                                "EventID": "11",
                                "ProcessId": "4248",
                                "TargetFilename": "C:\\Users\\george\\AppData\\Local\\Temp\\2e3ydydp.hu3\\Winbox-mac.app\\Contents\\Resources\\wine\\lib\\wine\\x86_64-windows\\cacls.exe",
                                "ProcessGuid": "{C784477D-84D7-6452-4C06-000000003400}",
                                "CreationUtcTime": "1683129572",
                                "UtcTime": "1683129572",
                                "RuleName": "EXE",
                                "Image": "C:\\Windows\\SysWOW64\\7za.exe"
                            }
                        },
                        {
                            "values": {
                                "EventID": "11",
                                "ProcessId": "4248",
                                "Image": "C:\\Windows\\SysWOW64\\7za.exe",
                                "RuleName": "EXE",
                                "CreationUtcTime": "1683129572",
                                "UtcTime": "1683129572",
                                "ProcessGuid": "{C784477D-84D7-6452-4C06-000000003400}",
                                "TargetFilename": "C:\\Users\\george\\AppData\\Local\\Temp\\2e3ydydp.hu3\\Winbox-mac.app\\Contents\\Resources\\wine\\lib\\wine\\x86_64-windows\\write.exe"
                            }
                        },
                        {
                            "values": {
                                "EventID": "11",
                                "ProcessId": "4248",
                                "TargetFilename": "C:\\Users\\george\\AppData\\Local\\Temp\\2e3ydydp.hu3\\Winbox-mac.app\\Contents\\Resources\\wine\\lib\\wine\\x86_64-windows\\plugplay.exe",
                                "RuleName": "EXE",
                                "CreationUtcTime": "1683129573",
                                "UtcTime": "1683129573",
                                "ProcessGuid": "{C784477D-84D7-6452-4C06-000000003400}",
                                "Image": "C:\\Windows\\SysWOW64\\7za.exe"
                            }
                        },
                        {
                            "values": {
                                "EventID": "11",
                                "ProcessId": "4248",
                                "TargetFilename": "C:\\Users\\george\\AppData\\Local\\Temp\\2e3ydydp.hu3\\Winbox-mac.app\\Contents\\Resources\\wine\\lib\\wine\\x86_64-windows\\schtasks.exe",
                                "ProcessGuid": "{C784477D-84D7-6452-4C06-000000003400}",
                                "CreationUtcTime": "1683129573",
                                "UtcTime": "1683129573",
                                "RuleName": "EXE",
                                "Image": "C:\\Windows\\SysWOW64\\7za.exe"
                            }
                        },
                        {
                            "values": {
                                "EventID": "11",
                                "ProcessId": "4248",
                                "Image": "C:\\Windows\\SysWOW64\\7za.exe",
                                "RuleName": "EXE",
                                "CreationUtcTime": "1683129574",
                                "UtcTime": "1683129574",
                                "ProcessGuid": "{C784477D-84D7-6452-4C06-000000003400}",
                                "TargetFilename": "C:\\Users\\george\\AppData\\Local\\Temp\\2e3ydydp.hu3\\Winbox-mac.app\\Contents\\Resources\\wine\\lib\\wine\\x86_64-windows\\winecfg.exe"
                            }
                        },
                        {
                            "values": {
                                "EventID": "11",
                                "ProcessId": "4248",
                                "Image": "C:\\Windows\\SysWOW64\\7za.exe",
                                "RuleName": "EXE",
                                "CreationUtcTime": "1683129574",
                                "UtcTime": "1683129574",
                                "ProcessGuid": "{C784477D-84D7-6452-4C06-000000003400}",
                                "TargetFilename": "C:\\Users\\george\\AppData\\Local\\Temp\\2e3ydydp.hu3\\Winbox-mac.app\\Contents\\Resources\\wine\\lib\\wine\\x86_64-windows\\netsh.exe"
                            }
                        },
                        {
                            "values": {
                                "EventID": "11",
                                "ProcessId": "4248",
                                "TargetFilename": "C:\\Users\\george\\AppData\\Local\\Temp\\2e3ydydp.hu3\\Winbox-mac.app\\Contents\\Resources\\wine\\lib\\wine\\x86_64-windows\\dplaysvr.exe",
                                "RuleName": "EXE",
                                "CreationUtcTime": "1683129574",
                                "UtcTime": "1683129574",
                                "ProcessGuid": "{C784477D-84D7-6452-4C06-000000003400}",
                                "Image": "C:\\Windows\\SysWOW64\\7za.exe"
                            }
                        },
                        {
                            "values": {
                                "EventID": "11",
                                "ProcessId": "4248",
                                "Image": "C:\\Windows\\SysWOW64\\7za.exe",
                                "ProcessGuid": "{C784477D-84D7-6452-4C06-000000003400}",
                                "CreationUtcTime": "1683129574",
                                "UtcTime": "1683129574",
                                "RuleName": "EXE",
                                "TargetFilename": "C:\\Users\\george\\AppData\\Local\\Temp\\2e3ydydp.hu3\\Winbox-mac.app\\Contents\\Resources\\wine\\lib\\wine\\x86_64-windows\\netstat.exe"
                            }
                        },
                        {
                            "values": {
                                "EventID": "11",
                                "ProcessId": "4248",
                                "Image": "C:\\Windows\\SysWOW64\\7za.exe",
                                "RuleName": "EXE",
                                "CreationUtcTime": "1683129574",
                                "UtcTime": "1683129574",
                                "ProcessGuid": "{C784477D-84D7-6452-4C06-000000003400}",
                                "TargetFilename": "C:\\Users\\george\\AppData\\Local\\Temp\\2e3ydydp.hu3\\Winbox-mac.app\\Contents\\Resources\\wine\\lib\\wine\\x86_64-windows\\ntoskrnl.exe"
                            }
                        },
                        {
                            "values": {
                                "EventID": "11",
                                "ProcessId": "4248",
                                "TargetFilename": "C:\\Users\\george\\AppData\\Local\\Temp\\2e3ydydp.hu3\\Winbox-mac.app\\Contents\\Resources\\wine\\lib\\wine\\x86_64-windows\\wevtutil.exe",
                                "RuleName": "EXE",
                                "CreationUtcTime": "1683129574",
                                "UtcTime": "1683129574",
                                "ProcessGuid": "{C784477D-84D7-6452-4C06-000000003400}",
                                "Image": "C:\\Windows\\SysWOW64\\7za.exe"
                            }
                        },
                        {
                            "values": {
                                "EventID": "11",
                                "ProcessId": "4248",
                                "Image": "C:\\Windows\\SysWOW64\\7za.exe",
                                "RuleName": "EXE",
                                "CreationUtcTime": "1683129574",
                                "UtcTime": "1683129574",
                                "ProcessGuid": "{C784477D-84D7-6452-4C06-000000003400}",
                                "TargetFilename": "C:\\Users\\george\\AppData\\Local\\Temp\\2e3ydydp.hu3\\Winbox-mac.app\\Contents\\Resources\\wine\\lib\\wine\\x86_64-windows\\expand.exe"
                            }
                        },
                        {
                            "values": {
                                "EventID": "11",
                                "ProcessId": "4248",
                                "TargetFilename": "C:\\Users\\george\\AppData\\Local\\Temp\\2e3ydydp.hu3\\Winbox-mac.app\\Contents\\Resources\\wine\\lib\\wine\\x86_64-windows\\spoolsv.exe",
                                "RuleName": "EXE",
                                "CreationUtcTime": "1683129575",
                                "UtcTime": "1683129575",
                                "ProcessGuid": "{C784477D-84D7-6452-4C06-000000003400}",
                                "Image": "C:\\Windows\\SysWOW64\\7za.exe"
                            }
                        },
                        {
                            "values": {
                                "EventID": "11",
                                "ProcessId": "4248",
                                "Image": "C:\\Windows\\SysWOW64\\7za.exe",
                                "RuleName": "EXE",
                                "CreationUtcTime": "1683129575",
                                "UtcTime": "1683129575",
                                "ProcessGuid": "{C784477D-84D7-6452-4C06-000000003400}",
                                "TargetFilename": "C:\\Users\\george\\AppData\\Local\\Temp\\2e3ydydp.hu3\\Winbox-mac.app\\Contents\\Resources\\wine\\lib\\wine\\x86_64-windows\\mofcomp.exe"
                            }
                        },
                        {
                            "values": {
                                "EventID": "11",
                                "ProcessId": "4248",
                                "Image": "C:\\Windows\\SysWOW64\\7za.exe",
                                "RuleName": "EXE",
                                "CreationUtcTime": "1683129575",
                                "UtcTime": "1683129575",
                                "ProcessGuid": "{C784477D-84D7-6452-4C06-000000003400}",
                                "TargetFilename": "C:\\Users\\george\\AppData\\Local\\Temp\\2e3ydydp.hu3\\Winbox-mac.app\\Contents\\Resources\\wine\\lib\\wine\\x86_64-windows\\taskkill.exe"
                            }
                        },
                        {
                            "values": {
                                "EventID": "11",
                                "ProcessId": "4248",
                                "TargetFilename": "C:\\Users\\george\\AppData\\Local\\Temp\\2e3ydydp.hu3\\Winbox-mac.app\\Contents\\Resources\\wine\\lib\\wine\\x86_64-windows\\winmgmt.exe",
                                "RuleName": "EXE",
                                "CreationUtcTime": "1683129575",
                                "UtcTime": "1683129575",
                                "ProcessGuid": "{C784477D-84D7-6452-4C06-000000003400}",
                                "Image": "C:\\Windows\\SysWOW64\\7za.exe"
                            }
                        },
                        {
                            "values": {
                                "EventID": "11",
                                "ProcessId": "4248",
                                "TargetFilename": "C:\\Users\\george\\AppData\\Local\\Temp\\2e3ydydp.hu3\\Winbox-mac.app\\Contents\\Resources\\wine\\lib\\wine\\x86_64-windows\\uninstaller.exe",
                                "RuleName": "EXE",
                                "CreationUtcTime": "1683129575",
                                "UtcTime": "1683129575",
                                "ProcessGuid": "{C784477D-84D7-6452-4C06-000000003400}",
                                "Image": "C:\\Windows\\SysWOW64\\7za.exe"
                            }
                        },
