{
    "data": {
        "attributes": {
            "type_description": "ZIP",
            "tlsh": "T13E193338E1FD085AE69D9139F2B67205A3A507126A4A5CC53F4612848FEE2F3DF3BD41",
            "vhash": "1a399b4f19093617aa7eadc39f8e8833",
            "type_tags": [
                "compressed",
                "zip"
            ],
            "names": [
                "crossover-23.5.0.zip"
            ],
            "signature_info": {
                "VersionMin": "658688",
                "CDHash": "a134f9676419bd390a427b20ab3f1fbc37bf2042",
                "signers": "CodeWeavers Inc.; Apple Inc.; Apple Inc.",
                "Runtime Version": "13.1.0",
                "TeamIdentifier": "9C6B7X7Z8E",
                "CandidateCDHash sha256": "a134f9676419bd390a427b20ab3f1fbc37bf2042",
                "Hash choices": "sha256",
                "Format": "app bundle with Mach-O thin (x86_64)",
                "Timestamp": "Sep 25, 2023 at 12:01:02 PM",
                "Signature size": "8981",
                "Executable Segment base": "0",
                "Page size": "4096",
                "VersionPlatform": "1",
                "CMSDigest": "a134f9676419bd390a427b20ab3f1fbc37bf204233bb805888a7404799a67ea1",
                "CMSDigestType": "2",
                "Executable Segment flags": "0x1",
                "CandidateCDHashFull sha256": "a134f9676419bd390a427b20ab3f1fbc37bf204233bb805888a7404799a67ea1",
                "verified": "Valid",
                "VersionSDK": "852224",
                "Identifier": "com.codeweavers.CrossOver",
                "signers details": [
                    {
                        "valid usage": "",
                        "status": "Valid",
                        "name": "CodeWeavers Inc.",
                        "algorithm": "sha256WithRSAEncryption",
                        "valid from": "07:53 PM 02/09/2022",
                        "valid to": "10:12 PM 02/01/2027",
                        "serial number": "61 D6 73 CF A6 6B 3D 33",
                        "cert issuer": "Apple Inc.",
                        "thumbprint": "92123D9880B22A26FB276F86F011394F5DC64EF3"
                    },
                    {
                        "valid usage": "",
                        "status": "Valid",
                        "name": "Apple Inc.",
                        "algorithm": "sha256WithRSAEncryption",
                        "valid from": "10:12 PM 02/01/2012",
                        "valid to": "10:12 PM 02/01/2027",
                        "serial number": "18 7A A9 A8 C2 96 21 0C",
                        "cert issuer": "Apple Inc.",
                        "thumbprint": "3B166C3B7DC4B751C9FE2AFAB9135641E388E186"
                    },
                    {
                        "valid usage": "",
                        "status": "Valid",
                        "name": "Apple Inc.",
                        "algorithm": "sha1WithRSAEncryption",
                        "valid from": "09:40 PM 04/25/2006",
                        "valid to": "09:40 PM 02/09/2035",
                        "serial number": "2",
                        "cert issuer": "Apple Inc.",
                        "thumbprint": "611E5B662C593A08FF58D14AE22452D198DF6C60"
                    }
                ],
                "Info.plist entries": "38",
                "Authority": "Apple Root CA",
                "Executable Segment limit": "622592"
            },
            "last_modification_date": 1696737193,
            "type_tag": "zip",
            "times_submitted": 12,
            "total_votes": {
                "harmless": 0,
                "malicious": 0
            },
            "size": 424344883,
            "popular_threat_classification": {
                "suggested_threat_label": "trojan.suspbehav",
                "popular_threat_category": [
                    {
                        "count": 3,
                        "value": "trojan"
                    },
                    {
                        "count": 2,
                        "value": "dropper"
                    }
                ],
                "popular_threat_name": [
                    {
                        "count": 3,
                        "value": "suspbehav"
                    }
                ]
            },
            "last_submission_date": 1696737192,
            "sigma_analysis_results": [
                {
                    "rule_title": "HanaLoader (Sysmon detection)",
                    "rule_source": "SOC Prime Threat Detection Marketplace",
                    "match_context": [
                        {
                            "values": {
                                "EventID": "11",
                                "ProcessId": "7548",
                                "TargetFilename": "C:\\Users\\george\\AppData\\Local\\Temp\\h5sk1aks.g0a\\CrossOver.app\\Contents\\SharedSupport\\CrossOver\\lib\\wine\\i386-windows\\msvcr100.dll",
                                "ProcessGuid": "{C784477D-1AAF-6515-4406-000000004400}",
                                "CreationUtcTime": "1695881942",
                                "UtcTime": "1695881942",
                                "RuleName": "DLL",
                                "Image": "C:\\Windows\\SysWOW64\\7za.exe"
                            }
                        },
                        {
                            "values": {
                                "EventID": "11",
                                "ProcessId": "7548",
                                "Image": "C:\\Windows\\SysWOW64\\7za.exe",
                                "ProcessGuid": "{C784477D-1AAF-6515-4406-000000004400}",
                                "CreationUtcTime": "1695881965",
                                "UtcTime": "1695881965",
                                "RuleName": "DLL",
                                "TargetFilename": "C:\\Users\\george\\AppData\\Local\\Temp\\h5sk1aks.g0a\\CrossOver.app\\Contents\\SharedSupport\\CrossOver\\lib\\wine\\x86_64-windows\\msvcr100.dll"
                            }
                        }
                    ],
                    "rule_level": "high",
                    "rule_description": "HanaLoader its a tool used by APT31 Group.",
                    "rule_author": "Ariel Millahuel",
                    "rule_id": "38853c8efaf750ffd744961ebcbeb037146acaabb9ca85c445af59f87e98e44d"
                },
                {
                    "rule_title": "Creation of an WerFault.exe in Unusual Folder",
                    "rule_source": "Sigma Integrated Rule Set (GitHub)",
                    "match_context": [
                        {
                            "values": {
                                "EventID": "11",
                                "ProcessId": "7548",
                                "Image": "C:\\Windows\\SysWOW64\\7za.exe",
                                "ProcessGuid": "{C784477D-1AAF-6515-4406-000000004400}",
                                "CreationUtcTime": "1695881941",
                                "UtcTime": "1695881941",
                                "RuleName": "DLL",
                                "TargetFilename": "C:\\Users\\george\\AppData\\Local\\Temp\\h5sk1aks.g0a\\CrossOver.app\\Contents\\SharedSupport\\CrossOver\\lib\\wine\\i386-windows\\wer.dll"
                            }
                        },
                        {
                            "values": {
                                "EventID": "11",
                                "ProcessId": "7548",
                                "TargetFilename": "C:\\Users\\george\\AppData\\Local\\Temp\\h5sk1aks.g0a\\CrossOver.app\\Contents\\SharedSupport\\CrossOver\\lib\\wine\\x86_64-windows\\wer.dll",
                                "ProcessGuid": "{C784477D-1AAF-6515-4406-000000004400}",
                                "CreationUtcTime": "1695881964",
                                "UtcTime": "1695881964",
                                "RuleName": "DLL",
                                "Image": "C:\\Windows\\SysWOW64\\7za.exe"
                            }
                        }
                    ],
                    "rule_level": "high",
                    "rule_description": "Detects WerFault copoed to a suspicious folder, which could be a sign of WerFault DLL hijacking",
                    "rule_author": "frack113",
                    "rule_id": "4469b0111d1f4747a00542caf4ceadd719bff3e7e6e21793e9446d294be895bb"
                },
                {
                    "rule_title": "DropboxAES RAT (Sysmon detection)",
                    "rule_source": "SOC Prime Threat Detection Marketplace",
                    "match_context": [
                        {
                            "values": {
                                "EventID": "11",
                                "ProcessId": "7548",
                                "TargetFilename": "C:\\Users\\george\\AppData\\Local\\Temp\\h5sk1aks.g0a\\CrossOver.app\\Contents\\SharedSupport\\CrossOver\\lib\\wine\\i386-windows\\msvcr100.dll",
                                "RuleName": "DLL",
                                "CreationUtcTime": "1695881942",
                                "UtcTime": "1695881942",
                                "ProcessGuid": "{C784477D-1AAF-6515-4406-000000004400}",
                                "Image": "C:\\Windows\\SysWOW64\\7za.exe"
                            }
                        },
                        {
                            "values": {
                                "EventID": "11",
                                "ProcessId": "7548",
                                "TargetFilename": "C:\\Users\\george\\AppData\\Local\\Temp\\h5sk1aks.g0a\\CrossOver.app\\Contents\\SharedSupport\\CrossOver\\lib\\wine\\x86_64-windows\\msvcr100.dll",
                                "ProcessGuid": "{C784477D-1AAF-6515-4406-000000004400}",
                                "CreationUtcTime": "1695881965",
                                "UtcTime": "1695881965",
                                "RuleName": "DLL",
                                "Image": "C:\\Windows\\SysWOW64\\7za.exe"
                            }
                        }
                    ],
                    "rule_level": "high",
                    "rule_description": "DropboxAES is a simple remote access trojan (RAT) used by APT31 Group. The RAT uses the Dropbox file-sharing service for its command and control (C2) communications",
                    "rule_author": "Ariel Millahuel",
                    "rule_id": "8c558244a29064b6842314ce986116d2007b1087f6f8bb45ae883911d0155549"
                },
                {
                    "rule_title": "Malicious behaviour on user login (Microsoft Windows - c0d0s0 group behavior)",
                    "rule_source": "SOC Prime Threat Detection Marketplace",
                    "match_context": [
                        {
                            "values": {
                                "EventID": "11",
                                "ProcessId": "7548",
                                "TargetFilename": "C:\\Users\\george\\AppData\\Local\\Temp\\h5sk1aks.g0a\\CrossOver.app\\Contents\\SharedSupport\\CrossOver\\lib\\wine\\i386-windows\\dbgeng.dll",
                                "ProcessGuid": "{C784477D-1AAF-6515-4406-000000004400}",
                                "CreationUtcTime": "1695881952",
                                "UtcTime": "1695881952",
                                "RuleName": "DLL",
                                "Image": "C:\\Windows\\SysWOW64\\7za.exe"
                            }
                        },
                        {
                            "values": {
                                "EventID": "11",
                                "ProcessId": "7548",
                                "TargetFilename": "C:\\Users\\george\\AppData\\Local\\Temp\\h5sk1aks.g0a\\CrossOver.app\\Contents\\SharedSupport\\CrossOver\\lib\\wine\\x86_64-windows\\dbgeng.dll",
                                "ProcessGuid": "{C784477D-1AAF-6515-4406-000000004400}",
                                "CreationUtcTime": "1695881976",
                                "UtcTime": "1695881976",
                                "RuleName": "DLL",
                                "Image": "C:\\Windows\\SysWOW64\\7za.exe"
                            }
                        }
                    ],
                    "rule_level": "high",
                    "rule_description": "Detects malicious registry values and unusual AppData folder modification related also to c0d0s0 group.",
                    "rule_author": "Ariel Millahuel",
                    "rule_id": "bf0f7d2a84916abcc597e4a38a6231519b38af0223147ef15e28c7ab83f47c7d"
                },
                {
                    "rule_title": "Creation of an Executable by an Executable",
                    "rule_source": "Sigma Integrated Rule Set (GitHub)",
                    "match_context": [
                        {
                            "values": {
                                "EventID": "11",
                                "ProcessId": "7548",
                                "Image": "C:\\Windows\\SysWOW64\\7za.exe",
                                "ProcessGuid": "{C784477D-1AAF-6515-4406-000000004400}",
                                "CreationUtcTime": "1695881934",
                                "UtcTime": "1695881934",
                                "RuleName": "EXE",
                                "TargetFilename": "C:\\Users\\george\\AppData\\Local\\Temp\\h5sk1aks.g0a\\CrossOver.app\\Contents\\SharedSupport\\CrossOver\\lib\\wine\\i386-windows\\findfast.exe"
                            }
                        },
                        {
                            "values": {
                                "EventID": "11",
                                "ProcessId": "7548",
                                "Image": "C:\\Windows\\SysWOW64\\7za.exe",
                                "ProcessGuid": "{C784477D-1AAF-6515-4406-000000004400}",
                                "CreationUtcTime": "1695881934",
                                "UtcTime": "1695881934",
                                "RuleName": "EXE",
                                "TargetFilename": "C:\\Users\\george\\AppData\\Local\\Temp\\h5sk1aks.g0a\\CrossOver.app\\Contents\\SharedSupport\\CrossOver\\lib\\wine\\i386-windows\\cmd.exe"
                            }
                        },
                        {
                            "values": {
                                "EventID": "11",
                                "ProcessId": "7548",
                                "TargetFilename": "C:\\Users\\george\\AppData\\Local\\Temp\\h5sk1aks.g0a\\CrossOver.app\\Contents\\SharedSupport\\CrossOver\\lib\\wine\\i386-windows\\ngen.exe",
                                "RuleName": "EXE",
                                "CreationUtcTime": "1695881934",
                                "UtcTime": "1695881934",
                                "ProcessGuid": "{C784477D-1AAF-6515-4406-000000004400}",
                                "Image": "C:\\Windows\\SysWOW64\\7za.exe"
                            }
                        },
                        {
                            "values": {
                                "EventID": "11",
                                "ProcessId": "7548",
                                "Image": "C:\\Windows\\SysWOW64\\7za.exe",
                                "RuleName": "EXE",
                                "CreationUtcTime": "1695881934",
                                "UtcTime": "1695881934",
                                "ProcessGuid": "{C784477D-1AAF-6515-4406-000000004400}",
                                "TargetFilename": "C:\\Users\\george\\AppData\\Local\\Temp\\h5sk1aks.g0a\\CrossOver.app\\Contents\\SharedSupport\\CrossOver\\lib\\wine\\i386-windows\\iexplore.exe"
                            }
                        },
                        {
                            "values": {
                                "EventID": "11",
                                "ProcessId": "7548",
                                "Image": "C:\\Windows\\SysWOW64\\7za.exe",
                                "ProcessGuid": "{C784477D-1AAF-6515-4406-000000004400}",
                                "CreationUtcTime": "1695881934",
                                "UtcTime": "1695881934",
                                "RuleName": "EXE",
                                "TargetFilename": "C:\\Users\\george\\AppData\\Local\\Temp\\h5sk1aks.g0a\\CrossOver.app\\Contents\\SharedSupport\\CrossOver\\lib\\wine\\i386-windows\\cxcplinfo.exe"
                            }
                        },
                        {
                            "values": {
                                "EventID": "11",
                                "ProcessId": "7548",
                                "TargetFilename": "C:\\Users\\george\\AppData\\Local\\Temp\\h5sk1aks.g0a\\CrossOver.app\\Contents\\SharedSupport\\CrossOver\\lib\\wine\\i386-windows\\net.exe",
                                "ProcessGuid": "{C784477D-1AAF-6515-4406-000000004400}",
                                "CreationUtcTime": "1695881934",
                                "UtcTime": "1695881934",
                                "RuleName": "EXE",
                                "Image": "C:\\Windows\\SysWOW64\\7za.exe"
                            }
                        },
                        {
                            "values": {
                                "EventID": "11",
                                "ProcessId": "7548",
                                "Image": "C:\\Windows\\SysWOW64\\7za.exe",
                                "ProcessGuid": "{C784477D-1AAF-6515-4406-000000004400}",
                                "CreationUtcTime": "1695881935",
                                "UtcTime": "1695881935",
                                "RuleName": "EXE",
                                "TargetFilename": "C:\\Users\\george\\AppData\\Local\\Temp\\h5sk1aks.g0a\\CrossOver.app\\Contents\\SharedSupport\\CrossOver\\lib\\wine\\i386-windows\\ping.exe"
                            }
                        },
                        {
                            "values": {
                                "EventID": "11",
                                "ProcessId": "7548",
                                "Image": "C:\\Windows\\SysWOW64\\7za.exe",
                                "ProcessGuid": "{C784477D-1AAF-6515-4406-000000004400}",
                                "CreationUtcTime": "1695881935",
                                "UtcTime": "1695881935",
                                "RuleName": "EXE",
                                "TargetFilename": "C:\\Users\\george\\AppData\\Local\\Temp\\h5sk1aks.g0a\\CrossOver.app\\Contents\\SharedSupport\\CrossOver\\lib\\wine\\i386-windows\\wscript.exe"
                            }
                        },
                        {
                            "values": {
                                "EventID": "11",
                                "ProcessId": "7548",
                                "Image": "C:\\Windows\\SysWOW64\\7za.exe",
                                "ProcessGuid": "{C784477D-1AAF-6515-4406-000000004400}",
                                "CreationUtcTime": "1695881935",
                                "UtcTime": "1695881935",
                                "RuleName": "EXE",
                                "TargetFilename": "C:\\Users\\george\\AppData\\Local\\Temp\\h5sk1aks.g0a\\CrossOver.app\\Contents\\SharedSupport\\CrossOver\\lib\\wine\\i386-windows\\rpcss.exe"
                            }
                        },
                        {
                            "values": {
                                "EventID": "11",
                                "ProcessId": "7548",
                                "TargetFilename": "C:\\Users\\george\\AppData\\Local\\Temp\\h5sk1aks.g0a\\CrossOver.app\\Contents\\SharedSupport\\CrossOver\\lib\\wine\\i386-windows\\dpvsetup.exe",
                                "ProcessGuid": "{C784477D-1AAF-6515-4406-000000004400}",
                                "CreationUtcTime": "1695881935",
                                "UtcTime": "1695881935",
                                "RuleName": "EXE",
                                "Image": "C:\\Windows\\SysWOW64\\7za.exe"
                            }
                        },
                        {
                            "values": {
                                "EventID": "11",
                                "ProcessId": "7548",
                                "TargetFilename": "C:\\Users\\george\\AppData\\Local\\Temp\\h5sk1aks.g0a\\CrossOver.app\\Contents\\SharedSupport\\CrossOver\\lib\\wine\\i386-windows\\wusa.exe",
                                "ProcessGuid": "{C784477D-1AAF-6515-4406-000000004400}",
                                "CreationUtcTime": "1695881936",
                                "UtcTime": "1695881936",
                                "RuleName": "EXE",
                                "Image": "C:\\Windows\\SysWOW64\\7za.exe"
                            }
                        },
                        {
                            "values": {
                                "EventID": "11",
                                "ProcessId": "7548",
                                "Image": "C:\\Windows\\SysWOW64\\7za.exe",
                                "ProcessGuid": "{C784477D-1AAF-6515-4406-000000004400}",
                                "CreationUtcTime": "1695881937",
                                "UtcTime": "1695881937",
                                "RuleName": "EXE",
                                "TargetFilename": "C:\\Users\\george\\AppData\\Local\\Temp\\h5sk1aks.g0a\\CrossOver.app\\Contents\\SharedSupport\\CrossOver\\lib\\wine\\i386-windows\\shutdown.exe"
                            }
                        },
                        {
                            "values": {
                                "EventID": "11",
                                "ProcessId": "7548",
                                "Image": "C:\\Windows\\SysWOW64\\7za.exe",
                                "ProcessGuid": "{C784477D-1AAF-6515-4406-000000004400}",
                                "CreationUtcTime": "1695881937",
                                "UtcTime": "1695881937",
                                "RuleName": "EXE",
                                "TargetFilename": "C:\\Users\\george\\AppData\\Local\\Temp\\h5sk1aks.g0a\\CrossOver.app\\Contents\\SharedSupport\\CrossOver\\lib\\wine\\i386-windows\\sdbinst.exe"
                            }
                        },
                        {
                            "values": {
                                "EventID": "11",
                                "ProcessId": "7548",
                                "TargetFilename": "C:\\Users\\george\\AppData\\Local\\Temp\\h5sk1aks.g0a\\CrossOver.app\\Contents\\SharedSupport\\CrossOver\\lib\\wine\\i386-windows\\secedit.exe",
                                "ProcessGuid": "{C784477D-1AAF-6515-4406-000000004400}",
                                "CreationUtcTime": "1695881937",
                                "UtcTime": "1695881937",
                                "RuleName": "EXE",
                                "Image": "C:\\Windows\\SysWOW64\\7za.exe"
                            }
                        },
                        {
                            "values": {
                                "EventID": "11",
                                "ProcessId": "7548",
                                "TargetFilename": "C:\\Users\\george\\AppData\\Local\\Temp\\h5sk1aks.g0a\\CrossOver.app\\Contents\\SharedSupport\\CrossOver\\lib\\wine\\i386-windows\\find.exe",
                                "ProcessGuid": "{C784477D-1AAF-6515-4406-000000004400}",
                                "CreationUtcTime": "1695881937",
                                "UtcTime": "1695881937",
                                "RuleName": "EXE",
                                "Image": "C:\\Windows\\SysWOW64\\7za.exe"
                            }
                        },
                        {
                            "values": {
                                "EventID": "11",
                                "ProcessId": "7548",
                                "TargetFilename": "C:\\Users\\george\\AppData\\Local\\Temp\\h5sk1aks.g0a\\CrossOver.app\\Contents\\SharedSupport\\CrossOver\\lib\\wine\\i386-windows\\ctfmon.exe",
                                "RuleName": "EXE",
                                "CreationUtcTime": "1695881937",
                                "UtcTime": "1695881937",
                                "ProcessGuid": "{C784477D-1AAF-6515-4406-000000004400}",
                                "Image": "C:\\Windows\\SysWOW64\\7za.exe"
                            }
                        },
                        {
                            "values": {
                                "EventID": "11",
                                "ProcessId": "7548",
                                "TargetFilename": "C:\\Users\\george\\AppData\\Local\\Temp\\h5sk1aks.g0a\\CrossOver.app\\Contents\\SharedSupport\\CrossOver\\lib\\wine\\i386-windows\\mosearch.exe",
                                "ProcessGuid": "{C784477D-1AAF-6515-4406-000000004400}",
                                "CreationUtcTime": "1695881937",
                                "UtcTime": "1695881937",
                                "RuleName": "EXE",
                                "Image": "C:\\Windows\\SysWOW64\\7za.exe"
                            }
                        },
                        {
                            "values": {
                                "EventID": "11",
                                "ProcessId": "7548",
                                "TargetFilename": "C:\\Users\\george\\AppData\\Local\\Temp\\h5sk1aks.g0a\\CrossOver.app\\Contents\\SharedSupport\\CrossOver\\lib\\wine\\i386-windows\\termsv.exe",
                                "ProcessGuid": "{C784477D-1AAF-6515-4406-000000004400}",
                                "CreationUtcTime": "1695881937",
                                "UtcTime": "1695881937",
                                "RuleName": "EXE",
                                "Image": "C:\\Windows\\SysWOW64\\7za.exe"
                            }
                        },
                        {
                            "values": {
                                "EventID": "11",
                                "ProcessId": "7548",
                                "TargetFilename": "C:\\Users\\george\\AppData\\Local\\Temp\\h5sk1aks.g0a\\CrossOver.app\\Contents\\SharedSupport\\CrossOver\\lib\\wine\\i386-windows\\certutil.exe",
                                "ProcessGuid": "{C784477D-1AAF-6515-4406-000000004400}",
                                "CreationUtcTime": "1695881938",
                                "UtcTime": "1695881938",
                                "RuleName": "EXE",
                                "Image": "C:\\Windows\\SysWOW64\\7za.exe"
                            }
                        },
                        {
                            "values": {
                                "EventID": "11",
                                "ProcessId": "7548",
                                "TargetFilename": "C:\\Users\\george\\AppData\\Local\\Temp\\h5sk1aks.g0a\\CrossOver.app\\Contents\\SharedSupport\\CrossOver\\lib\\wine\\i386-windows\\mshta.exe",
                                "RuleName": "EXE",
                                "CreationUtcTime": "1695881938",
                                "UtcTime": "1695881938",
                                "ProcessGuid": "{C784477D-1AAF-6515-4406-000000004400}",
                                "Image": "C:\\Windows\\SysWOW64\\7za.exe"
                            }
                        },
                        {
                            "values": {
                                "EventID": "11",
                                "ProcessId": "7548",
                                "TargetFilename": "C:\\Users\\george\\AppData\\Local\\Temp\\h5sk1aks.g0a\\CrossOver.app\\Contents\\SharedSupport\\CrossOver\\lib\\wine\\i386-windows\\cxkeepalive.exe",
                                "ProcessGuid": "{C784477D-1AAF-6515-4406-000000004400}",
                                "CreationUtcTime": "1695881938",
                                "UtcTime": "1695881938",
                                "RuleName": "EXE",
                                "Image": "C:\\Windows\\SysWOW64\\7za.exe"
                            }
                        },
                        {
                            "values": {
                                "EventID": "11",
                                "ProcessId": "7548",
                                "TargetFilename": "C:\\Users\\george\\AppData\\Local\\Temp\\h5sk1aks.g0a\\CrossOver.app\\Contents\\SharedSupport\\CrossOver\\lib\\wine\\i386-windows\\taskmgr.exe",
                                "ProcessGuid": "{C784477D-1AAF-6515-4406-000000004400}",
                                "CreationUtcTime": "1695881938",
                                "UtcTime": "1695881938",
                                "RuleName": "EXE",
                                "Image": "C:\\Windows\\SysWOW64\\7za.exe"
                            }
                        },
                        {
                            "values": {
                                "EventID": "11",
                                "ProcessId": "7548",
                                "Image": "C:\\Windows\\SysWOW64\\7za.exe",
                                "ProcessGuid": "{C784477D-1AAF-6515-4406-000000004400}",
                                "CreationUtcTime": "1695881938",
                                "UtcTime": "1695881938",
                                "RuleName": "EXE",
                                "TargetFilename": "C:\\Users\\george\\AppData\\Local\\Temp\\h5sk1aks.g0a\\CrossOver.app\\Contents\\SharedSupport\\CrossOver\\lib\\wine\\i386-windows\\imjpmig.exe"
                            }
                        },
                        {
                            "values": {
                                "EventID": "11",
                                "ProcessId": "7548",
                                "TargetFilename": "C:\\Users\\george\\AppData\\Local\\Temp\\h5sk1aks.g0a\\CrossOver.app\\Contents\\SharedSupport\\CrossOver\\lib\\wine\\i386-windows\\findstr.exe",
                                "ProcessGuid": "{C784477D-1AAF-6515-4406-000000004400}",
                                "CreationUtcTime": "1695881939",
                                "UtcTime": "1695881939",
                                "RuleName": "EXE",
                                "Image": "C:\\Windows\\SysWOW64\\7za.exe"
                            }
                        },
                        {
                            "values": {
                                "EventID": "11",
                                "ProcessId": "7548",
                                "Image": "C:\\Windows\\SysWOW64\\7za.exe",
                                "ProcessGuid": "{C784477D-1AAF-6515-4406-000000004400}",
                                "CreationUtcTime": "1695881939",
                                "UtcTime": "1695881939",
                                "RuleName": "EXE",
                                "TargetFilename": "C:\\Users\\george\\AppData\\Local\\Temp\\h5sk1aks.g0a\\CrossOver.app\\Contents\\SharedSupport\\CrossOver\\lib\\wine\\i386-windows\\arp.exe"
                            }
                        },
                        {
                            "values": {
                                "EventID": "11",
                                "ProcessId": "7548",
                                "TargetFilename": "C:\\Users\\george\\AppData\\Local\\Temp\\h5sk1aks.g0a\\CrossOver.app\\Contents\\SharedSupport\\CrossOver\\lib\\wine\\i386-windows\\cxmanip.exe",
                                "ProcessGuid": "{C784477D-1AAF-6515-4406-000000004400}",
                                "CreationUtcTime": "1695881939",
                                "UtcTime": "1695881939",
                                "RuleName": "EXE",
                                "Image": "C:\\Windows\\SysWOW64\\7za.exe"
                            }
                        },
                        {
                            "values": {
                                "EventID": "11",
                                "ProcessId": "7548",
                                "TargetFilename": "C:\\Users\\george\\AppData\\Local\\Temp\\h5sk1aks.g0a\\CrossOver.app\\Contents\\SharedSupport\\CrossOver\\lib\\wine\\i386-windows\\reg.exe",
                                "ProcessGuid": "{C784477D-1AAF-6515-4406-000000004400}",
                                "CreationUtcTime": "1695881939",
                                "UtcTime": "1695881939",
                                "RuleName": "EXE",
                                "Image": "C:\\Windows\\SysWOW64\\7za.exe"
                            }
                        },
                        {
                            "values": {
                                "EventID": "11",
                                "ProcessId": "7548",
                                "TargetFilename": "C:\\Users\\george\\AppData\\Local\\Temp\\h5sk1aks.g0a\\CrossOver.app\\Contents\\SharedSupport\\CrossOver\\lib\\wine\\i386-windows\\qttask.exe",
                                "ProcessGuid": "{C784477D-1AAF-6515-4406-000000004400}",
                                "CreationUtcTime": "1695881939",
                                "UtcTime": "1695881939",
                                "RuleName": "EXE",
                                "Image": "C:\\Windows\\SysWOW64\\7za.exe"
                            }
                        },
                        {
                            "values": {
                                "EventID": "11",
                                "ProcessId": "7548",
                                "Image": "C:\\Windows\\SysWOW64\\7za.exe",
                                "ProcessGuid": "{C784477D-1AAF-6515-4406-000000004400}",
                                "CreationUtcTime": "1695881940",
                                "UtcTime": "1695881940",
                                "RuleName": "EXE",
                                "TargetFilename": "C:\\Users\\george\\AppData\\Local\\Temp\\h5sk1aks.g0a\\CrossOver.app\\Contents\\SharedSupport\\CrossOver\\lib\\wine\\i386-windows\\dllhost.exe"
                            }
                        },
                        {
                            "values": {
                                "EventID": "11",
                                "ProcessId": "7548",
                                "TargetFilename": "C:\\Users\\george\\AppData\\Local\\Temp\\h5sk1aks.g0a\\CrossOver.app\\Contents\\SharedSupport\\CrossOver\\lib\\wine\\i386-windows\\cscript.exe",
                                "ProcessGuid": "{C784477D-1AAF-6515-4406-000000004400}",
                                "CreationUtcTime": "1695881940",
                                "UtcTime": "1695881940",
                                "RuleName": "EXE",
                                "Image": "C:\\Windows\\SysWOW64\\7za.exe"
                            }
                        },
                        {
                            "values": {
                                "EventID": "11",
                                "ProcessId": "7548",
                                "TargetFilename": "C:\\Users\\george\\AppData\\Local\\Temp\\h5sk1aks.g0a\\CrossOver.app\\Contents\\SharedSupport\\CrossOver\\lib\\wine\\i386-windows\\dpnsvr.exe",
                                "RuleName": "EXE",
                                "CreationUtcTime": "1695881940",
                                "UtcTime": "1695881940",
                                "ProcessGuid": "{C784477D-1AAF-6515-4406-000000004400}",
                                "Image": "C:\\Windows\\SysWOW64\\7za.exe"
                            }
                        },
                        {
                            "values": {
                                "EventID": "11",
                                "ProcessId": "7548",
                                "TargetFilename": "C:\\Users\\george\\AppData\\Local\\Temp\\h5sk1aks.g0a\\CrossOver.app\\Contents\\SharedSupport\\CrossOver\\lib\\wine\\i386-windows\\cxdummy.exe",
                                "ProcessGuid": "{C784477D-1AAF-6515-4406-000000004400}",
                                "CreationUtcTime": "1695881940",
                                "UtcTime": "1695881940",
                                "RuleName": "EXE",
                                "Image": "C:\\Windows\\SysWOW64\\7za.exe"
                            }
                        },
                        {
                            "values": {
                                "EventID": "11",
                                "ProcessId": "7548",
                                "TargetFilename": "C:\\Users\\george\\AppData\\Local\\Temp\\h5sk1aks.g0a\\CrossOver.app\\Contents\\SharedSupport\\CrossOver\\lib\\wine\\i386-windows\\progman.exe",
                                "ProcessGuid": "{C784477D-1AAF-6515-4406-000000004400}",
                                "CreationUtcTime": "1695881941",
                                "UtcTime": "1695881941",
                                "RuleName": "EXE",
                                "Image": "C:\\Windows\\SysWOW64\\7za.exe"
                            }
                        },
                        {
                            "values": {
                                "EventID": "11",
                                "ProcessId": "7548",
                                "TargetFilename": "C:\\Users\\george\\AppData\\Local\\Temp\\h5sk1aks.g0a\\CrossOver.app\\Contents\\SharedSupport\\CrossOver\\lib\\wine\\i386-windows\\attrib.exe",
                                "RuleName": "EXE",
                                "CreationUtcTime": "1695881941",
                                "UtcTime": "1695881941",
                                "ProcessGuid": "{C784477D-1AAF-6515-4406-000000004400}",
                                "Image": "C:\\Windows\\SysWOW64\\7za.exe"
                            }
                        },
                        {
                            "values": {
                                "EventID": "11",
                                "ProcessId": "7548",
                                "Image": "C:\\Windows\\SysWOW64\\7za.exe",
                                "ProcessGuid": "{C784477D-1AAF-6515-4406-000000004400}",
                                "CreationUtcTime": "1695881941",
                                "UtcTime": "1695881941",
                                "RuleName": "EXE",
                                "TargetFilename": "C:\\Users\\george\\AppData\\Local\\Temp\\h5sk1aks.g0a\\CrossOver.app\\Contents\\SharedSupport\\CrossOver\\lib\\wine\\i386-windows\\wineboot.exe"
                            }
                        },
                        {
                            "values": {
                                "EventID": "11",
                                "ProcessId": "7548",
                                "TargetFilename": "C:\\Users\\george\\AppData\\Local\\Temp\\h5sk1aks.g0a\\CrossOver.app\\Contents\\SharedSupport\\CrossOver\\lib\\wine\\i386-windows\\robocopy.exe",
                                "ProcessGuid": "{C784477D-1AAF-6515-4406-000000004400}",
                                "CreationUtcTime": "1695881941",
                                "UtcTime": "1695881941",
                                "RuleName": "EXE",
                                "Image": "C:\\Windows\\SysWOW64\\7za.exe"
                            }
                        },
                        {
                            "values": {
                                "EventID": "11",
                                "ProcessId": "7548",
                                "TargetFilename": "C:\\Users\\george\\AppData\\Local\\Temp\\h5sk1aks.g0a\\CrossOver.app\\Contents\\SharedSupport\\CrossOver\\lib\\wine\\i386-windows\\dism.exe",
                                "RuleName": "EXE",
                                "CreationUtcTime": "1695881941",
                                "UtcTime": "1695881941",
                                "ProcessGuid": "{C784477D-1AAF-6515-4406-000000004400}",
                                "Image": "C:\\Windows\\SysWOW64\\7za.exe"
                            }
                        },
                        {
                            "values": {
                                "EventID": "11",
                                "ProcessId": "7548",
                                "Image": "C:\\Windows\\SysWOW64\\7za.exe",
                                "ProcessGuid": "{C784477D-1AAF-6515-4406-000000004400}",
                                "CreationUtcTime": "1695881941",
                                "UtcTime": "1695881941",
                                "RuleName": "EXE",
                                "TargetFilename": "C:\\Users\\george\\AppData\\Local\\Temp\\h5sk1aks.g0a\\CrossOver.app\\Contents\\SharedSupport\\CrossOver\\lib\\wine\\i386-windows\\xcopy.exe"
                            }
                        },
                        {
                            "values": {
                                "EventID": "11",
                                "ProcessId": "7548",
                                "TargetFilename": "C:\\Users\\george\\AppData\\Local\\Temp\\h5sk1aks.g0a\\CrossOver.app\\Contents\\SharedSupport\\CrossOver\\lib\\wine\\i386-windows\\cxwget.exe",
                                "RuleName": "EXE",
                                "CreationUtcTime": "1695881942",
                                "UtcTime": "1695881942",
                                "ProcessGuid": "{C784477D-1AAF-6515-4406-000000004400}",
                                "Image": "C:\\Windows\\SysWOW64\\7za.exe"
                            }
                        },
                        {
                            "values": {
                                "EventID": "11",
                                "ProcessId": "7548",
                                "Image": "C:\\Windows\\SysWOW64\\7za.exe",
                                "ProcessGuid": "{C784477D-1AAF-6515-4406-000000004400}",
                                "CreationUtcTime": "1695881942",
                                "UtcTime": "1695881942",
                                "RuleName": "EXE",
                                "TargetFilename": "C:\\Users\\george\\AppData\\Local\\Temp\\h5sk1aks.g0a\\CrossOver.app\\Contents\\SharedSupport\\CrossOver\\lib\\wine\\i386-windows\\start.exe"
                            }
                        },
                        {
                            "values": {
                                "EventID": "11",
                                "ProcessId": "7548",
                                "Image": "C:\\Windows\\SysWOW64\\7za.exe",
                                "ProcessGuid": "{C784477D-1AAF-6515-4406-000000004400}",
                                "CreationUtcTime": "1695881942",
                                "UtcTime": "1695881942",
                                "RuleName": "EXE",
                                "TargetFilename": "C:\\Users\\george\\AppData\\Local\\Temp\\h5sk1aks.g0a\\CrossOver.app\\Contents\\SharedSupport\\CrossOver\\lib\\wine\\i386-windows\\icacls.exe"
                            }
                        },
                        {
                            "values": {
                                "EventID": "11",
                                "ProcessId": "7548",
                                "TargetFilename": "C:\\Users\\george\\AppData\\Local\\Temp\\h5sk1aks.g0a\\CrossOver.app\\Contents\\SharedSupport\\CrossOver\\lib\\wine\\i386-windows\\msinfo32.exe",
                                "ProcessGuid": "{C784477D-1AAF-6515-4406-000000004400}",
                                "CreationUtcTime": "1695881942",
                                "UtcTime": "1695881942",
                                "RuleName": "EXE",
                                "Image": "C:\\Windows\\SysWOW64\\7za.exe"
                            }
                        },
                        {
                            "values": {
                                "EventID": "11",
                                "ProcessId": "7548",
                                "TargetFilename": "C:\\Users\\george\\AppData\\Local\\Temp\\h5sk1aks.g0a\\CrossOver.app\\Contents\\SharedSupport\\CrossOver\\lib\\wine\\i386-windows\\regsvcs.exe",
                                "RuleName": "EXE",
                                "CreationUtcTime": "1695881943",
                                "UtcTime": "1695881943",
                                "ProcessGuid": "{C784477D-1AAF-6515-4406-000000004400}",
                                "Image": "C:\\Windows\\SysWOW64\\7za.exe"
                            }
                        },
                        {
                            "values": {
                                "EventID": "11",
                                "ProcessId": "7548",
                                "Image": "C:\\Windows\\SysWOW64\\7za.exe",
                                "ProcessGuid": "{C784477D-1AAF-6515-4406-000000004400}",
                                "CreationUtcTime": "1695881943",
                                "UtcTime": "1695881943",
                                "RuleName": "EXE",
                                "TargetFilename": "C:\\Users\\george\\AppData\\Local\\Temp\\h5sk1aks.g0a\\CrossOver.app\\Contents\\SharedSupport\\CrossOver\\lib\\wine\\i386-windows\\wuauserv.exe"
                            }
                        },
                        {
                            "values": {
                                "EventID": "11",
                                "ProcessId": "7548",
                                "TargetFilename": "C:\\Users\\george\\AppData\\Local\\Temp\\h5sk1aks.g0a\\CrossOver.app\\Contents\\SharedSupport\\CrossOver\\lib\\wine\\i386-windows\\autorun.exe",
                                "RuleName": "EXE",
                                "CreationUtcTime": "1695881943",
                                "UtcTime": "1695881943",
                                "ProcessGuid": "{C784477D-1AAF-6515-4406-000000004400}",
                                "Image": "C:\\Windows\\SysWOW64\\7za.exe"
                            }
                        },
                        {
                            "values": {
                                "EventID": "11",
                                "ProcessId": "7548",
                                "TargetFilename": "C:\\Users\\george\\AppData\\Local\\Temp\\h5sk1aks.g0a\\CrossOver.app\\Contents\\SharedSupport\\CrossOver\\lib\\wine\\i386-windows\\winedbg.exe",
                                "ProcessGuid": "{C784477D-1AAF-6515-4406-000000004400}",
                                "CreationUtcTime": "1695881943",
                                "UtcTime": "1695881943",
                                "RuleName": "EXE",
                                "Image": "C:\\Windows\\SysWOW64\\7za.exe"
                            }
                        },
                        {
                            "values": {
                                "EventID": "11",
                                "ProcessId": "7548",
                                "Image": "C:\\Windows\\SysWOW64\\7za.exe",
                                "ProcessGuid": "{C784477D-1AAF-6515-4406-000000004400}",
                                "CreationUtcTime": "1695881943",
                                "UtcTime": "1695881943",
                                "RuleName": "EXE",
                                "TargetFilename": "C:\\Users\\george\\AppData\\Local\\Temp\\h5sk1aks.g0a\\CrossOver.app\\Contents\\SharedSupport\\CrossOver\\lib\\wine\\i386-windows\\winemenubuilder.exe"
                            }
                        },
                        {
                            "values": {
                                "EventID": "11",
                                "ProcessId": "7548",
                                "Image": "C:\\Windows\\SysWOW64\\7za.exe",
                                "ProcessGuid": "{C784477D-1AAF-6515-4406-000000004400}",
                                "CreationUtcTime": "1695881944",
                                "UtcTime": "1695881944",
                                "RuleName": "EXE",
                                "TargetFilename": "C:\\Users\\george\\AppData\\Local\\Temp\\h5sk1aks.g0a\\CrossOver.app\\Contents\\SharedSupport\\CrossOver\\lib\\wine\\i386-windows\\ddhelp.exe"
                            }
                        },
