{
    "data": {
        "attributes": {
            "type_description": "ZIP",
            "tlsh": "T16C7833B8A1F84782F43F887A86FE724AC095610B9563596BB8A441C58DE77F3BF31047",
            "vhash": "20cfa296fb0629d2fe0030ee9e94ccff",
            "type_tags": [
                "compressed",
                "zip"
            ],
            "names": [
                "Winbox-mac-3.40.0.zip"
            ],
            "last_modification_date": 1701600486,
            "type_tag": "zip",
            "times_submitted": 2,
            "total_votes": {
                "harmless": 0,
                "malicious": 0
            },
            "size": 151613381,
            "popular_threat_classification": {
                "suggested_threat_label": "trojan.suspbehav/genericml",
                "popular_threat_category": [
                    {
                        "count": 5,
                        "value": "trojan"
                    },
                    {
                        "count": 4,
                        "value": "dropper"
                    }
                ],
                "popular_threat_name": [
                    {
                        "count": 3,
                        "value": "suspbehav"
                    },
                    {
                        "count": 2,
                        "value": "genericml"
                    },
                    {
                        "count": 2,
                        "value": "xnet"
                    }
                ]
            },
            "last_submission_date": 1701341772,
            "sigma_analysis_results": [
                {
                    "rule_title": "HanaLoader (Sysmon detection)",
                    "rule_source": "SOC Prime Threat Detection Marketplace",
                    "match_context": [
                        {
                            "values": {
                                "EventID": "11",
                                "ProcessId": "8024",
                                "Image": "C:\\Windows\\SysWOW64\\7za.exe",
                                "ProcessGuid": "{C784477D-A01F-655D-2D06-000000004A00}",
                                "CreationUtcTime": "1700634668",
                                "UtcTime": "1700634668",
                                "RuleName": "DLL",
                                "TargetFilename": "C:\\Users\\george\\AppData\\Local\\Temp\\wygspl3a.2zx\\Winbox-mac.app\\Contents\\Resources\\wine\\lib\\wine\\i386-windows\\msvcr100.dll"
                            }
                        },
                        {
                            "values": {
                                "EventID": "11",
                                "ProcessId": "8024",
                                "TargetFilename": "C:\\Users\\george\\AppData\\Local\\Temp\\wygspl3a.2zx\\Winbox-mac.app\\Contents\\Resources\\wine\\lib\\wine\\x86_64-windows\\msvcr100.dll",
                                "RuleName": "DLL",
                                "CreationUtcTime": "1700634691",
                                "UtcTime": "1700634691",
                                "ProcessGuid": "{C784477D-A01F-655D-2D06-000000004A00}",
                                "Image": "C:\\Windows\\SysWOW64\\7za.exe"
                            }
                        }
                    ],
                    "rule_level": "high",
                    "rule_id": "38853c8efaf750ffd744961ebcbeb037146acaabb9ca85c445af59f87e98e44d",
                    "rule_author": "Ariel Millahuel",
                    "rule_description": "HanaLoader its a tool used by APT31 Group."
                },
                {
                    "rule_title": "Creation of an WerFault.exe in Unusual Folder",
                    "rule_source": "Sigma Integrated Rule Set (GitHub)",
                    "match_context": [
                        {
                            "values": {
                                "EventID": "11",
                                "ProcessId": "8024",
                                "TargetFilename": "C:\\Users\\george\\AppData\\Local\\Temp\\wygspl3a.2zx\\Winbox-mac.app\\Contents\\Resources\\wine\\lib\\wine\\i386-windows\\wer.dll",
                                "RuleName": "DLL",
                                "CreationUtcTime": "1700634667",
                                "UtcTime": "1700634667",
                                "ProcessGuid": "{C784477D-A01F-655D-2D06-000000004A00}",
                                "Image": "C:\\Windows\\SysWOW64\\7za.exe"
                            }
                        },
                        {
                            "values": {
                                "EventID": "11",
                                "ProcessId": "8024",
                                "Image": "C:\\Windows\\SysWOW64\\7za.exe",
                                "ProcessGuid": "{C784477D-A01F-655D-2D06-000000004A00}",
                                "CreationUtcTime": "1700634690",
                                "UtcTime": "1700634690",
                                "RuleName": "DLL",
                                "TargetFilename": "C:\\Users\\george\\AppData\\Local\\Temp\\wygspl3a.2zx\\Winbox-mac.app\\Contents\\Resources\\wine\\lib\\wine\\x86_64-windows\\wer.dll"
                            }
                        }
                    ],
                    "rule_level": "high",
                    "rule_id": "4469b0111d1f4747a00542caf4ceadd719bff3e7e6e21793e9446d294be895bb",
                    "rule_author": "frack113",
                    "rule_description": "Detects WerFault copoed to a suspicious folder, which could be a sign of WerFault DLL hijacking"
                },
                {
                    "rule_title": "DropboxAES RAT (Sysmon detection)",
                    "rule_source": "SOC Prime Threat Detection Marketplace",
                    "match_context": [
                        {
                            "values": {
                                "EventID": "11",
                                "ProcessId": "8024",
                                "Image": "C:\\Windows\\SysWOW64\\7za.exe",
                                "RuleName": "DLL",
                                "CreationUtcTime": "1700634668",
                                "UtcTime": "1700634668",
                                "ProcessGuid": "{C784477D-A01F-655D-2D06-000000004A00}",
                                "TargetFilename": "C:\\Users\\george\\AppData\\Local\\Temp\\wygspl3a.2zx\\Winbox-mac.app\\Contents\\Resources\\wine\\lib\\wine\\i386-windows\\msvcr100.dll"
                            }
                        },
                        {
                            "values": {
                                "EventID": "11",
                                "ProcessId": "8024",
                                "TargetFilename": "C:\\Users\\george\\AppData\\Local\\Temp\\wygspl3a.2zx\\Winbox-mac.app\\Contents\\Resources\\wine\\lib\\wine\\x86_64-windows\\msvcr100.dll",
                                "ProcessGuid": "{C784477D-A01F-655D-2D06-000000004A00}",
                                "CreationUtcTime": "1700634691",
                                "UtcTime": "1700634691",
                                "RuleName": "DLL",
                                "Image": "C:\\Windows\\SysWOW64\\7za.exe"
                            }
                        }
                    ],
                    "rule_level": "high",
                    "rule_id": "8c558244a29064b6842314ce986116d2007b1087f6f8bb45ae883911d0155549",
                    "rule_author": "Ariel Millahuel",
                    "rule_description": "DropboxAES is a simple remote access trojan (RAT) used by APT31 Group. The RAT uses the Dropbox file-sharing service for its command and control (C2) communications"
                },
                {
                    "rule_title": "Malicious behaviour on user login (Microsoft Windows - c0d0s0 group behavior)",
                    "rule_source": "SOC Prime Threat Detection Marketplace",
                    "match_context": [
                        {
                            "values": {
                                "EventID": "11",
                                "ProcessId": "8024",
                                "TargetFilename": "C:\\Users\\george\\AppData\\Local\\Temp\\wygspl3a.2zx\\Winbox-mac.app\\Contents\\Resources\\wine\\lib\\wine\\i386-windows\\dbgeng.dll",
                                "ProcessGuid": "{C784477D-A01F-655D-2D06-000000004A00}",
                                "CreationUtcTime": "1700634679",
                                "UtcTime": "1700634679",
                                "RuleName": "DLL",
                                "Image": "C:\\Windows\\SysWOW64\\7za.exe"
                            }
                        },
                        {
                            "values": {
                                "EventID": "11",
                                "ProcessId": "8024",
                                "TargetFilename": "C:\\Users\\george\\AppData\\Local\\Temp\\wygspl3a.2zx\\Winbox-mac.app\\Contents\\Resources\\wine\\lib\\wine\\x86_64-windows\\dbgeng.dll",
                                "ProcessGuid": "{C784477D-A01F-655D-2D06-000000004A00}",
                                "CreationUtcTime": "1700634702",
                                "UtcTime": "1700634702",
                                "RuleName": "DLL",
                                "Image": "C:\\Windows\\SysWOW64\\7za.exe"
                            }
                        }
                    ],
                    "rule_level": "high",
                    "rule_id": "bf0f7d2a84916abcc597e4a38a6231519b38af0223147ef15e28c7ab83f47c7d",
                    "rule_author": "Ariel Millahuel",
                    "rule_description": "Detects malicious registry values and unusual AppData folder modification related also to c0d0s0 group."
                },
                {
                    "rule_title": "Files With System Process Name In Unsuspected Locations",
                    "rule_source": "Sigma Integrated Rule Set (GitHub)",
                    "match_context": [
                        {
                            "values": {
                                "EventID": "11",
                                "ProcessId": "8024",
                                "Image": "C:\\Windows\\SysWOW64\\7za.exe",
                                "ProcessGuid": "{C784477D-A01F-655D-2D06-000000004A00}",
                                "CreationUtcTime": "1700634664",
                                "UtcTime": "1700634664",
                                "RuleName": "EXE",
                                "TargetFilename": "C:\\Users\\george\\AppData\\Local\\Temp\\wygspl3a.2zx\\Winbox-mac.app\\Contents\\Resources\\wine\\lib\\wine\\i386-windows\\taskmgr.exe"
                            }
                        },
                        {
                            "values": {
                                "EventID": "11",
                                "ProcessId": "8024",
                                "Image": "C:\\Windows\\SysWOW64\\7za.exe",
                                "ProcessGuid": "{C784477D-A01F-655D-2D06-000000004A00}",
                                "CreationUtcTime": "1700634665",
                                "UtcTime": "1700634665",
                                "RuleName": "EXE",
                                "TargetFilename": "C:\\Users\\george\\AppData\\Local\\Temp\\wygspl3a.2zx\\Winbox-mac.app\\Contents\\Resources\\wine\\lib\\wine\\i386-windows\\dllhost.exe"
                            }
                        },
                        {
                            "values": {
                                "EventID": "11",
                                "ProcessId": "8024",
                                "TargetFilename": "C:\\Users\\george\\AppData\\Local\\Temp\\wygspl3a.2zx\\Winbox-mac.app\\Contents\\Resources\\wine\\lib\\wine\\i386-windows\\msinfo32.exe",
                                "RuleName": "EXE",
                                "CreationUtcTime": "1700634669",
                                "UtcTime": "1700634669",
                                "ProcessGuid": "{C784477D-A01F-655D-2D06-000000004A00}",
                                "Image": "C:\\Windows\\SysWOW64\\7za.exe"
                            }
                        },
                        {
                            "values": {
                                "EventID": "11",
                                "ProcessId": "8024",
                                "TargetFilename": "C:\\Users\\george\\AppData\\Local\\Temp\\wygspl3a.2zx\\Winbox-mac.app\\Contents\\Resources\\wine\\lib\\wine\\i386-windows\\schtasks.exe",
                                "ProcessGuid": "{C784477D-A01F-655D-2D06-000000004A00}",
                                "CreationUtcTime": "1700634671",
                                "UtcTime": "1700634671",
                                "RuleName": "EXE",
                                "Image": "C:\\Windows\\SysWOW64\\7za.exe"
                            }
                        },
                        {
                            "values": {
                                "EventID": "11",
                                "ProcessId": "8024",
                                "TargetFilename": "C:\\Users\\george\\AppData\\Local\\Temp\\wygspl3a.2zx\\Winbox-mac.app\\Contents\\Resources\\wine\\lib\\wine\\i386-windows\\wevtutil.exe",
                                "ProcessGuid": "{C784477D-A01F-655D-2D06-000000004A00}",
                                "CreationUtcTime": "1700634672",
                                "UtcTime": "1700634672",
                                "RuleName": "EXE",
                                "Image": "C:\\Windows\\SysWOW64\\7za.exe"
                            }
                        },
                        {
                            "values": {
                                "EventID": "11",
                                "ProcessId": "8024",
                                "TargetFilename": "C:\\Users\\george\\AppData\\Local\\Temp\\wygspl3a.2zx\\Winbox-mac.app\\Contents\\Resources\\wine\\lib\\wine\\i386-windows\\spoolsv.exe",
                                "ProcessGuid": "{C784477D-A01F-655D-2D06-000000004A00}",
                                "CreationUtcTime": "1700634673",
                                "UtcTime": "1700634673",
                                "RuleName": "EXE",
                                "Image": "C:\\Windows\\SysWOW64\\7za.exe"
                            }
                        },
                        {
                            "values": {
                                "EventID": "11",
                                "ProcessId": "8024",
                                "Image": "C:\\Windows\\SysWOW64\\7za.exe",
                                "RuleName": "EXE",
                                "CreationUtcTime": "1700634673",
                                "UtcTime": "1700634673",
                                "ProcessGuid": "{C784477D-A01F-655D-2D06-000000004A00}",
                                "TargetFilename": "C:\\Users\\george\\AppData\\Local\\Temp\\wygspl3a.2zx\\Winbox-mac.app\\Contents\\Resources\\wine\\lib\\wine\\i386-windows\\svchost.exe"
                            }
                        },
                        {
                            "values": {
                                "EventID": "11",
                                "ProcessId": "8024",
                                "TargetFilename": "C:\\Users\\george\\AppData\\Local\\Temp\\wygspl3a.2zx\\Winbox-mac.app\\Contents\\Resources\\wine\\lib\\wine\\i386-windows\\regsvr32.exe",
                                "ProcessGuid": "{C784477D-A01F-655D-2D06-000000004A00}",
                                "CreationUtcTime": "1700634675",
                                "UtcTime": "1700634675",
                                "RuleName": "EXE",
                                "Image": "C:\\Windows\\SysWOW64\\7za.exe"
                            }
                        },
                        {
                            "values": {
                                "EventID": "11",
                                "ProcessId": "8024",
                                "TargetFilename": "C:\\Users\\george\\AppData\\Local\\Temp\\wygspl3a.2zx\\Winbox-mac.app\\Contents\\Resources\\wine\\lib\\wine\\i386-windows\\msiexec.exe",
                                "RuleName": "EXE",
                                "CreationUtcTime": "1700634675",
                                "UtcTime": "1700634675",
                                "ProcessGuid": "{C784477D-A01F-655D-2D06-000000004A00}",
                                "Image": "C:\\Windows\\SysWOW64\\7za.exe"
                            }
                        },
                        {
                            "values": {
                                "EventID": "11",
                                "ProcessId": "8024",
                                "Image": "C:\\Windows\\SysWOW64\\7za.exe",
                                "ProcessGuid": "{C784477D-A01F-655D-2D06-000000004A00}",
                                "CreationUtcTime": "1700634675",
                                "UtcTime": "1700634675",
                                "RuleName": "EXE",
                                "TargetFilename": "C:\\Users\\george\\AppData\\Local\\Temp\\wygspl3a.2zx\\Winbox-mac.app\\Contents\\Resources\\wine\\lib\\wine\\i386-windows\\regini.exe"
                            }
                        },
                        {
                            "values": {
                                "EventID": "11",
                                "ProcessId": "8024",
                                "TargetFilename": "C:\\Users\\george\\AppData\\Local\\Temp\\wygspl3a.2zx\\Winbox-mac.app\\Contents\\Resources\\wine\\lib\\wine\\i386-windows\\explorer.exe",
                                "ProcessGuid": "{C784477D-A01F-655D-2D06-000000004A00}",
                                "CreationUtcTime": "1700634676",
                                "UtcTime": "1700634676",
                                "RuleName": "EXE",
                                "Image": "C:\\Windows\\SysWOW64\\7za.exe"
                            }
                        },
                        {
                            "values": {
                                "EventID": "11",
                                "ProcessId": "8024",
                                "TargetFilename": "C:\\Users\\george\\AppData\\Local\\Temp\\wygspl3a.2zx\\Winbox-mac.app\\Contents\\Resources\\wine\\lib\\wine\\i386-windows\\powershell.exe",
                                "ProcessGuid": "{C784477D-A01F-655D-2D06-000000004A00}",
                                "CreationUtcTime": "1700634676",
                                "UtcTime": "1700634676",
                                "RuleName": "EXE",
                                "Image": "C:\\Windows\\SysWOW64\\7za.exe"
                            }
                        },
                        {
                            "values": {
                                "EventID": "11",
                                "ProcessId": "8024",
                                "TargetFilename": "C:\\Users\\george\\AppData\\Local\\Temp\\wygspl3a.2zx\\Winbox-mac.app\\Contents\\Resources\\wine\\lib\\wine\\i386-windows\\ipconfig.exe",
                                "ProcessGuid": "{C784477D-A01F-655D-2D06-000000004A00}",
                                "CreationUtcTime": "1700634678",
                                "UtcTime": "1700634678",
                                "RuleName": "EXE",
                                "Image": "C:\\Windows\\SysWOW64\\7za.exe"
                            }
                        },
                        {
                            "values": {
                                "EventID": "11",
                                "ProcessId": "8024",
                                "Image": "C:\\Windows\\SysWOW64\\7za.exe",
                                "ProcessGuid": "{C784477D-A01F-655D-2D06-000000004A00}",
                                "CreationUtcTime": "1700634679",
                                "UtcTime": "1700634679",
                                "RuleName": "EXE",
                                "TargetFilename": "C:\\Users\\george\\AppData\\Local\\Temp\\wygspl3a.2zx\\Winbox-mac.app\\Contents\\Resources\\wine\\lib\\wine\\i386-windows\\rundll32.exe"
                            }
                        },
                        {
                            "values": {
                                "EventID": "11",
                                "ProcessId": "8024",
                                "TargetFilename": "C:\\Users\\george\\AppData\\Local\\Temp\\wygspl3a.2zx\\Winbox-mac.app\\Contents\\Resources\\wine\\lib\\wine\\i386-windows\\extrac32.exe",
                                "ProcessGuid": "{C784477D-A01F-655D-2D06-000000004A00}",
                                "CreationUtcTime": "1700634679",
                                "UtcTime": "1700634679",
                                "RuleName": "EXE",
                                "Image": "C:\\Windows\\SysWOW64\\7za.exe"
                            }
                        },
                        {
                            "values": {
                                "EventID": "11",
                                "ProcessId": "8024",
                                "Image": "C:\\Windows\\SysWOW64\\7za.exe",
                                "RuleName": "EXE",
                                "CreationUtcTime": "1700634679",
                                "UtcTime": "1700634679",
                                "ProcessGuid": "{C784477D-A01F-655D-2D06-000000004A00}",
                                "TargetFilename": "C:\\Users\\george\\AppData\\Local\\Temp\\wygspl3a.2zx\\Winbox-mac.app\\Contents\\Resources\\wine\\lib\\wine\\i386-windows\\services.exe"
                            }
                        },
                        {
                            "values": {
                                "EventID": "11",
                                "ProcessId": "8024",
                                "TargetFilename": "C:\\Users\\george\\AppData\\Local\\Temp\\wygspl3a.2zx\\Winbox-mac.app\\Contents\\Resources\\wine\\lib\\wine\\i386-windows\\conhost.exe",
                                "ProcessGuid": "{C784477D-A01F-655D-2D06-000000004A00}",
                                "CreationUtcTime": "1700634682",
                                "UtcTime": "1700634682",
                                "RuleName": "EXE",
                                "Image": "C:\\Windows\\SysWOW64\\7za.exe"
                            }
                        },
                        {
                            "values": {
                                "EventID": "11",
                                "ProcessId": "8024",
                                "TargetFilename": "C:\\Users\\george\\AppData\\Local\\Temp\\wygspl3a.2zx\\Winbox-mac.app\\Contents\\Resources\\wine\\lib\\wine\\x86_64-windows\\taskmgr.exe",
                                "RuleName": "EXE",
                                "CreationUtcTime": "1700634687",
                                "UtcTime": "1700634687",
                                "ProcessGuid": "{C784477D-A01F-655D-2D06-000000004A00}",
                                "Image": "C:\\Windows\\SysWOW64\\7za.exe"
                            }
                        },
                        {
                            "values": {
                                "EventID": "11",
                                "ProcessId": "8024",
                                "TargetFilename": "C:\\Users\\george\\AppData\\Local\\Temp\\wygspl3a.2zx\\Winbox-mac.app\\Contents\\Resources\\wine\\lib\\wine\\x86_64-windows\\dllhost.exe",
                                "ProcessGuid": "{C784477D-A01F-655D-2D06-000000004A00}",
                                "CreationUtcTime": "1700634688",
                                "UtcTime": "1700634688",
                                "RuleName": "EXE",
                                "Image": "C:\\Windows\\SysWOW64\\7za.exe"
                            }
                        },
                        {
                            "values": {
                                "EventID": "11",
                                "ProcessId": "8024",
                                "Image": "C:\\Windows\\SysWOW64\\7za.exe",
                                "RuleName": "EXE",
                                "CreationUtcTime": "1700634691",
                                "UtcTime": "1700634691",
                                "ProcessGuid": "{C784477D-A01F-655D-2D06-000000004A00}",
                                "TargetFilename": "C:\\Users\\george\\AppData\\Local\\Temp\\wygspl3a.2zx\\Winbox-mac.app\\Contents\\Resources\\wine\\lib\\wine\\x86_64-windows\\msinfo32.exe"
                            }
                        },
                        {
                            "values": {
                                "EventID": "11",
                                "ProcessId": "8024",
                                "TargetFilename": "C:\\Users\\george\\AppData\\Local\\Temp\\wygspl3a.2zx\\Winbox-mac.app\\Contents\\Resources\\wine\\lib\\wine\\x86_64-windows\\schtasks.exe",
                                "ProcessGuid": "{C784477D-A01F-655D-2D06-000000004A00}",
                                "CreationUtcTime": "1700634694",
                                "UtcTime": "1700634694",
                                "RuleName": "EXE",
                                "Image": "C:\\Windows\\SysWOW64\\7za.exe"
                            }
                        },
                        {
                            "values": {
                                "EventID": "11",
                                "ProcessId": "8024",
                                "Image": "C:\\Windows\\SysWOW64\\7za.exe",
                                "RuleName": "EXE",
                                "CreationUtcTime": "1700634695",
                                "UtcTime": "1700634695",
                                "ProcessGuid": "{C784477D-A01F-655D-2D06-000000004A00}",
                                "TargetFilename": "C:\\Users\\george\\AppData\\Local\\Temp\\wygspl3a.2zx\\Winbox-mac.app\\Contents\\Resources\\wine\\lib\\wine\\x86_64-windows\\wevtutil.exe"
                            }
                        },
                        {
                            "values": {
                                "EventID": "11",
                                "ProcessId": "8024",
                                "Image": "C:\\Windows\\SysWOW64\\7za.exe",
                                "ProcessGuid": "{C784477D-A01F-655D-2D06-000000004A00}",
                                "CreationUtcTime": "1700634695",
                                "UtcTime": "1700634695",
                                "RuleName": "EXE",
                                "TargetFilename": "C:\\Users\\george\\AppData\\Local\\Temp\\wygspl3a.2zx\\Winbox-mac.app\\Contents\\Resources\\wine\\lib\\wine\\x86_64-windows\\spoolsv.exe"
                            }
                        },
                        {
                            "values": {
                                "EventID": "11",
                                "ProcessId": "8024",
                                "TargetFilename": "C:\\Users\\george\\AppData\\Local\\Temp\\wygspl3a.2zx\\Winbox-mac.app\\Contents\\Resources\\wine\\lib\\wine\\x86_64-windows\\svchost.exe",
                                "ProcessGuid": "{C784477D-A01F-655D-2D06-000000004A00}",
                                "CreationUtcTime": "1700634696",
                                "UtcTime": "1700634696",
                                "RuleName": "EXE",
                                "Image": "C:\\Windows\\SysWOW64\\7za.exe"
                            }
                        },
                        {
                            "values": {
                                "EventID": "11",
                                "ProcessId": "8024",
                                "Image": "C:\\Windows\\SysWOW64\\7za.exe",
                                "RuleName": "EXE",
                                "CreationUtcTime": "1700634698",
                                "UtcTime": "1700634698",
                                "ProcessGuid": "{C784477D-A01F-655D-2D06-000000004A00}",
                                "TargetFilename": "C:\\Users\\george\\AppData\\Local\\Temp\\wygspl3a.2zx\\Winbox-mac.app\\Contents\\Resources\\wine\\lib\\wine\\x86_64-windows\\regsvr32.exe"
                            }
                        },
                        {
                            "values": {
                                "EventID": "11",
                                "ProcessId": "8024",
                                "Image": "C:\\Windows\\SysWOW64\\7za.exe",
                                "ProcessGuid": "{C784477D-A01F-655D-2D06-000000004A00}",
                                "CreationUtcTime": "1700634698",
                                "UtcTime": "1700634698",
                                "RuleName": "EXE",
                                "TargetFilename": "C:\\Users\\george\\AppData\\Local\\Temp\\wygspl3a.2zx\\Winbox-mac.app\\Contents\\Resources\\wine\\lib\\wine\\x86_64-windows\\msiexec.exe"
                            }
                        },
                        {
                            "values": {
                                "EventID": "11",
                                "ProcessId": "8024",
                                "TargetFilename": "C:\\Users\\george\\AppData\\Local\\Temp\\wygspl3a.2zx\\Winbox-mac.app\\Contents\\Resources\\wine\\lib\\wine\\x86_64-windows\\regini.exe",
                                "ProcessGuid": "{C784477D-A01F-655D-2D06-000000004A00}",
                                "CreationUtcTime": "1700634698",
                                "UtcTime": "1700634698",
                                "RuleName": "EXE",
                                "Image": "C:\\Windows\\SysWOW64\\7za.exe"
                            }
                        },
                        {
                            "values": {
                                "EventID": "11",
                                "ProcessId": "8024",
                                "TargetFilename": "C:\\Users\\george\\AppData\\Local\\Temp\\wygspl3a.2zx\\Winbox-mac.app\\Contents\\Resources\\wine\\lib\\wine\\x86_64-windows\\explorer.exe",
                                "ProcessGuid": "{C784477D-A01F-655D-2D06-000000004A00}",
                                "CreationUtcTime": "1700634698",
                                "UtcTime": "1700634698",
                                "RuleName": "EXE",
                                "Image": "C:\\Windows\\SysWOW64\\7za.exe"
                            }
                        },
                        {
                            "values": {
                                "EventID": "11",
                                "ProcessId": "8024",
                                "TargetFilename": "C:\\Users\\george\\AppData\\Local\\Temp\\wygspl3a.2zx\\Winbox-mac.app\\Contents\\Resources\\wine\\lib\\wine\\x86_64-windows\\powershell.exe",
                                "ProcessGuid": "{C784477D-A01F-655D-2D06-000000004A00}",
                                "CreationUtcTime": "1700634699",
                                "UtcTime": "1700634699",
                                "RuleName": "EXE",
                                "Image": "C:\\Windows\\SysWOW64\\7za.exe"
                            }
                        },
                        {
                            "values": {
                                "EventID": "11",
                                "ProcessId": "8024",
                                "TargetFilename": "C:\\Users\\george\\AppData\\Local\\Temp\\wygspl3a.2zx\\Winbox-mac.app\\Contents\\Resources\\wine\\lib\\wine\\x86_64-windows\\ipconfig.exe",
                                "ProcessGuid": "{C784477D-A01F-655D-2D06-000000004A00}",
                                "CreationUtcTime": "1700634701",
                                "UtcTime": "1700634701",
                                "RuleName": "EXE",
                                "Image": "C:\\Windows\\SysWOW64\\7za.exe"
                            }
                        },
                        {
                            "values": {
                                "EventID": "11",
                                "ProcessId": "8024",
                                "TargetFilename": "C:\\Users\\george\\AppData\\Local\\Temp\\wygspl3a.2zx\\Winbox-mac.app\\Contents\\Resources\\wine\\lib\\wine\\x86_64-windows\\rundll32.exe",
                                "RuleName": "EXE",
                                "CreationUtcTime": "1700634702",
                                "UtcTime": "1700634702",
                                "ProcessGuid": "{C784477D-A01F-655D-2D06-000000004A00}",
                                "Image": "C:\\Windows\\SysWOW64\\7za.exe"
                            }
                        },
                        {
                            "values": {
                                "EventID": "11",
                                "ProcessId": "8024",
                                "TargetFilename": "C:\\Users\\george\\AppData\\Local\\Temp\\wygspl3a.2zx\\Winbox-mac.app\\Contents\\Resources\\wine\\lib\\wine\\x86_64-windows\\extrac32.exe",
                                "ProcessGuid": "{C784477D-A01F-655D-2D06-000000004A00}",
                                "CreationUtcTime": "1700634703",
                                "UtcTime": "1700634703",
                                "RuleName": "EXE",
                                "Image": "C:\\Windows\\SysWOW64\\7za.exe"
                            }
                        },
                        {
                            "values": {
                                "EventID": "11",
                                "ProcessId": "8024",
                                "Image": "C:\\Windows\\SysWOW64\\7za.exe",
                                "ProcessGuid": "{C784477D-A01F-655D-2D06-000000004A00}",
                                "CreationUtcTime": "1700634703",
                                "UtcTime": "1700634703",
                                "RuleName": "EXE",
                                "TargetFilename": "C:\\Users\\george\\AppData\\Local\\Temp\\wygspl3a.2zx\\Winbox-mac.app\\Contents\\Resources\\wine\\lib\\wine\\x86_64-windows\\services.exe"
                            }
                        },
