{
    "data": {
        "attributes": {
            "type_description": "ZIP",
            "tlsh": "T19E7833B8E1F84682F43F887A86FE7249C095210B9963596BB8A441C58DE77F3BF31447",
            "vhash": "20cfa296fb0629d2fe0030ee9e94ccff",
            "type_tags": [
                "compressed",
                "zip"
            ],
            "names": [
                "Winbox-mac-3.39.0.zip"
            ],
            "last_modification_date": 1694770445,
            "type_tag": "zip",
            "times_submitted": 10,
            "total_votes": {
                "harmless": 1,
                "malicious": 0
            },
            "size": 151612800,
            "popular_threat_classification": {
                "suggested_threat_label": "trojan.suspbehav/genericml",
                "popular_threat_category": [
                    {
                        "count": 4,
                        "value": "trojan"
                    },
                    {
                        "count": 4,
                        "value": "dropper"
                    }
                ],
                "popular_threat_name": [
                    {
                        "count": 3,
                        "value": "suspbehav"
                    },
                    {
                        "count": 2,
                        "value": "genericml"
                    },
                    {
                        "count": 2,
                        "value": "xnet"
                    }
                ]
            },
            "last_submission_date": 1694770444,
            "sigma_analysis_results": [
                {
                    "rule_title": "HanaLoader (Sysmon detection)",
                    "rule_source": "SOC Prime Threat Detection Marketplace",
                    "match_context": [
                        {
                            "values": {
                                "EventID": "11",
                                "ProcessId": "8092",
                                "Image": "C:\\Windows\\SysWOW64\\7za.exe",
                                "RuleName": "DLL",
                                "CreationUtcTime": "1692144014",
                                "UtcTime": "1692144014",
                                "ProcessGuid": "{C784477D-1181-64DC-4F06-000000004400}",
                                "TargetFilename": "C:\\Users\\george\\AppData\\Local\\Temp\\xndf2gll.ire\\Winbox-mac.app\\Contents\\Resources\\wine\\lib\\wine\\i386-windows\\msvcr100.dll"
                            }
                        },
                        {
                            "values": {
                                "EventID": "11",
                                "ProcessId": "8092",
                                "Image": "C:\\Windows\\SysWOW64\\7za.exe",
                                "RuleName": "DLL",
                                "CreationUtcTime": "1692144039",
                                "UtcTime": "1692144039",
                                "ProcessGuid": "{C784477D-1181-64DC-4F06-000000004400}",
                                "TargetFilename": "C:\\Users\\george\\AppData\\Local\\Temp\\xndf2gll.ire\\Winbox-mac.app\\Contents\\Resources\\wine\\lib\\wine\\x86_64-windows\\msvcr100.dll"
                            }
                        }
                    ],
                    "rule_level": "high",
                    "rule_id": "38853c8efaf750ffd744961ebcbeb037146acaabb9ca85c445af59f87e98e44d",
                    "rule_author": "Ariel Millahuel",
                    "rule_description": "HanaLoader its a tool used by APT31 Group."
                },
                {
                    "rule_title": "Creation of an WerFault.exe in Unusual Folder",
                    "rule_source": "Sigma Integrated Rule Set (GitHub)",
                    "match_context": [
                        {
                            "values": {
                                "EventID": "11",
                                "ProcessId": "8092",
                                "TargetFilename": "C:\\Users\\george\\AppData\\Local\\Temp\\xndf2gll.ire\\Winbox-mac.app\\Contents\\Resources\\wine\\lib\\wine\\i386-windows\\wer.dll",
                                "RuleName": "DLL",
                                "CreationUtcTime": "1692144013",
                                "UtcTime": "1692144013",
                                "ProcessGuid": "{C784477D-1181-64DC-4F06-000000004400}",
                                "Image": "C:\\Windows\\SysWOW64\\7za.exe"
                            }
                        },
                        {
                            "values": {
                                "EventID": "11",
                                "ProcessId": "8092",
                                "Image": "C:\\Windows\\SysWOW64\\7za.exe",
                                "RuleName": "DLL",
                                "CreationUtcTime": "1692144038",
                                "UtcTime": "1692144038",
                                "ProcessGuid": "{C784477D-1181-64DC-4F06-000000004400}",
                                "TargetFilename": "C:\\Users\\george\\AppData\\Local\\Temp\\xndf2gll.ire\\Winbox-mac.app\\Contents\\Resources\\wine\\lib\\wine\\x86_64-windows\\wer.dll"
                            }
                        }
                    ],
                    "rule_level": "high",
                    "rule_id": "4469b0111d1f4747a00542caf4ceadd719bff3e7e6e21793e9446d294be895bb",
                    "rule_author": "frack113",
                    "rule_description": "Detects WerFault copoed to a suspicious folder, which could be a sign of WerFault DLL hijacking"
                },
                {
                    "rule_title": "DropboxAES RAT (Sysmon detection)",
                    "rule_source": "SOC Prime Threat Detection Marketplace",
                    "match_context": [
                        {
                            "values": {
                                "EventID": "11",
                                "ProcessId": "8092",
                                "TargetFilename": "C:\\Users\\george\\AppData\\Local\\Temp\\xndf2gll.ire\\Winbox-mac.app\\Contents\\Resources\\wine\\lib\\wine\\i386-windows\\msvcr100.dll",
                                "RuleName": "DLL",
                                "CreationUtcTime": "1692144014",
                                "UtcTime": "1692144014",
                                "ProcessGuid": "{C784477D-1181-64DC-4F06-000000004400}",
                                "Image": "C:\\Windows\\SysWOW64\\7za.exe"
                            }
                        },
                        {
                            "values": {
                                "EventID": "11",
                                "ProcessId": "8092",
                                "TargetFilename": "C:\\Users\\george\\AppData\\Local\\Temp\\xndf2gll.ire\\Winbox-mac.app\\Contents\\Resources\\wine\\lib\\wine\\x86_64-windows\\msvcr100.dll",
                                "RuleName": "DLL",
                                "CreationUtcTime": "1692144039",
                                "UtcTime": "1692144039",
                                "ProcessGuid": "{C784477D-1181-64DC-4F06-000000004400}",
                                "Image": "C:\\Windows\\SysWOW64\\7za.exe"
                            }
                        }
                    ],
                    "rule_level": "high",
                    "rule_id": "8c558244a29064b6842314ce986116d2007b1087f6f8bb45ae883911d0155549",
                    "rule_author": "Ariel Millahuel",
                    "rule_description": "DropboxAES is a simple remote access trojan (RAT) used by APT31 Group. The RAT uses the Dropbox file-sharing service for its command and control (C2) communications"
                },
                {
                    "rule_title": "Malicious behaviour on user login (Microsoft Windows - c0d0s0 group behavior)",
                    "rule_source": "SOC Prime Threat Detection Marketplace",
                    "match_context": [
                        {
                            "values": {
                                "EventID": "11",
                                "ProcessId": "8092",
                                "TargetFilename": "C:\\Users\\george\\AppData\\Local\\Temp\\xndf2gll.ire\\Winbox-mac.app\\Contents\\Resources\\wine\\lib\\wine\\i386-windows\\dbgeng.dll",
                                "ProcessGuid": "{C784477D-1181-64DC-4F06-000000004400}",
                                "CreationUtcTime": "1692144026",
                                "UtcTime": "1692144026",
                                "RuleName": "DLL",
                                "Image": "C:\\Windows\\SysWOW64\\7za.exe"
                            }
                        },
                        {
                            "values": {
                                "EventID": "11",
                                "ProcessId": "8092",
                                "TargetFilename": "C:\\Users\\george\\AppData\\Local\\Temp\\xndf2gll.ire\\Winbox-mac.app\\Contents\\Resources\\wine\\lib\\wine\\x86_64-windows\\dbgeng.dll",
                                "RuleName": "DLL",
                                "CreationUtcTime": "1692144051",
                                "UtcTime": "1692144051",
                                "ProcessGuid": "{C784477D-1181-64DC-4F06-000000004400}",
                                "Image": "C:\\Windows\\SysWOW64\\7za.exe"
                            }
                        }
                    ],
                    "rule_level": "high",
                    "rule_id": "bf0f7d2a84916abcc597e4a38a6231519b38af0223147ef15e28c7ab83f47c7d",
                    "rule_author": "Ariel Millahuel",
                    "rule_description": "Detects malicious registry values and unusual AppData folder modification related also to c0d0s0 group."
                },
                {
                    "rule_title": "Password Protected Compressed File Extraction Via 7Zip",
                    "rule_source": "Sigma Integrated Rule Set (GitHub)",
                    "match_context": [
                        {
                            "values": {
                                "TerminalSessionId": "1",
                                "ProcessGuid": "{C784477D-1181-64DC-4F06-000000004400}",
                                "ProcessId": "8092",
                                "Product": "7-Zip",
                                "Description": "7-Zip Console",
                                "Company": "Igor Pavlov",
                                "ParentProcessGuid": "{C784477D-1181-64DC-4E06-000000004400}",
                                "User": "DESKTOP-B0T93D6\\george",
                                "Hashes": "MD5=77E556CDFDC5C592F5C46DB4127C6F4C,SHA256=034ECA579F68B44F8F41294D8C9DAC96F032C57DEE0877095DA47913060DFF84,IMPHASH=6D26C857784EEA32AC92DCB74E598644",
                                "OriginalFileName": "7z.exe",
                                "ParentImage": "C:\\Windows\\SysWOW64\\unarchiver.exe",
                                "FileVersion": "18.05",
                                "ParentProcessId": "8100",
                                "CurrentDirectory": "C:\\Users\\george\\Desktop\\",
                                "CommandLine": "\"C:\\Windows\\System32\\7za.exe\" x -pinfected -y -o\"C:\\Users\\george\\AppData\\Local\\Temp\\xndf2gll.ire\" \"C:\\Users\\george\\Desktop\\Winbox-mac-3.39.0.zip\"",
                                "EventID": "1",
                                "LogonGuid": "C784477D-D5C5-648A-ABF8-030000000000",
                                "LogonId": "260267",
                                "Image": "C:\\Windows\\SysWOW64\\7za.exe",
                                "IntegrityLevel": "High",
                                "ParentCommandLine": "\"C:\\Windows\\SysWOW64\\unarchiver.exe\" \"C:\\Users\\george\\Desktop\\Winbox-mac-3.39.0.zip\"",
                                "UtcTime": "1692144001",
                                "RuleName": "-"
                            }
                        }
                    ],
                    "rule_level": "medium",
                    "rule_id": "22e867c244280c1d01bcddc8355c10d82b6c69577cd784cefbbe4eb5e7a82f65",
                    "rule_author": "Nasreddine Bencherchali (Nextron Systems)",
                    "rule_description": "Detects usage of 7zip utilities (7z.exe, 7za.exe and 7zr.exe) to extract password protected zip files."
                },
                {
                    "rule_title": "Creation of an Executable by an Executable",
                    "rule_source": "Sigma Integrated Rule Set (GitHub)",
                    "match_context": [
                        {
                            "values": {
                                "EventID": "11",
                                "ProcessId": "8092",
                                "Image": "C:\\Windows\\SysWOW64\\7za.exe",
                                "RuleName": "EXE",
                                "CreationUtcTime": "1692144002",
                                "UtcTime": "1692144002",
                                "ProcessGuid": "{C784477D-1181-64DC-4F06-000000004400}",
                                "TargetFilename": "C:\\Users\\george\\AppData\\Local\\Temp\\xndf2gll.ire\\Winbox-mac.app\\Contents\\Resources\\winbox64.exe"
                            }
                        },
                        {
                            "values": {
                                "EventID": "11",
                                "ProcessId": "8092",
                                "TargetFilename": "C:\\Users\\george\\AppData\\Local\\Temp\\xndf2gll.ire\\Winbox-mac.app\\Contents\\Resources\\wine\\lib\\wine\\i386-windows\\view.exe",
                                "ProcessGuid": "{C784477D-1181-64DC-4F06-000000004400}",
                                "CreationUtcTime": "1692144005",
                                "UtcTime": "1692144005",
                                "RuleName": "EXE",
                                "Image": "C:\\Windows\\SysWOW64\\7za.exe"
                            }
                        },
                        {
                            "values": {
                                "EventID": "11",
                                "ProcessId": "8092",
                                "Image": "C:\\Windows\\SysWOW64\\7za.exe",
                                "RuleName": "EXE",
                                "CreationUtcTime": "1692144006",
                                "UtcTime": "1692144006",
                                "ProcessGuid": "{C784477D-1181-64DC-4F06-000000004400}",
                                "TargetFilename": "C:\\Users\\george\\AppData\\Local\\Temp\\xndf2gll.ire\\Winbox-mac.app\\Contents\\Resources\\wine\\lib\\wine\\i386-windows\\icinfo.exe"
                            }
                        },
                        {
                            "values": {
                                "EventID": "11",
                                "ProcessId": "8092",
                                "Image": "C:\\Windows\\SysWOW64\\7za.exe",
                                "RuleName": "EXE",
                                "CreationUtcTime": "1692144006",
                                "UtcTime": "1692144006",
                                "ProcessGuid": "{C784477D-1181-64DC-4F06-000000004400}",
                                "TargetFilename": "C:\\Users\\george\\AppData\\Local\\Temp\\xndf2gll.ire\\Winbox-mac.app\\Contents\\Resources\\wine\\lib\\wine\\i386-windows\\cmd.exe"
                            }
                        },
                        {
                            "values": {
                                "EventID": "11",
                                "ProcessId": "8092",
                                "TargetFilename": "C:\\Users\\george\\AppData\\Local\\Temp\\xndf2gll.ire\\Winbox-mac.app\\Contents\\Resources\\wine\\lib\\wine\\i386-windows\\ngen.exe",
                                "RuleName": "EXE",
                                "CreationUtcTime": "1692144006",
                                "UtcTime": "1692144006",
                                "ProcessGuid": "{C784477D-1181-64DC-4F06-000000004400}",
                                "Image": "C:\\Windows\\SysWOW64\\7za.exe"
                            }
                        },
                        {
                            "values": {
                                "EventID": "11",
                                "ProcessId": "8092",
                                "TargetFilename": "C:\\Users\\george\\AppData\\Local\\Temp\\xndf2gll.ire\\Winbox-mac.app\\Contents\\Resources\\wine\\lib\\wine\\i386-windows\\iexplore.exe",
                                "RuleName": "EXE",
                                "CreationUtcTime": "1692144006",
                                "UtcTime": "1692144006",
                                "ProcessGuid": "{C784477D-1181-64DC-4F06-000000004400}",
                                "Image": "C:\\Windows\\SysWOW64\\7za.exe"
                            }
                        },
                        {
                            "values": {
                                "EventID": "11",
                                "ProcessId": "8092",
                                "Image": "C:\\Windows\\SysWOW64\\7za.exe",
                                "ProcessGuid": "{C784477D-1181-64DC-4F06-000000004400}",
                                "CreationUtcTime": "1692144006",
                                "UtcTime": "1692144006",
                                "RuleName": "EXE",
                                "TargetFilename": "C:\\Users\\george\\AppData\\Local\\Temp\\xndf2gll.ire\\Winbox-mac.app\\Contents\\Resources\\wine\\lib\\wine\\i386-windows\\net.exe"
                            }
                        },
                        {
                            "values": {
                                "EventID": "11",
                                "ProcessId": "8092",
                                "Image": "C:\\Windows\\SysWOW64\\7za.exe",
                                "RuleName": "EXE",
                                "CreationUtcTime": "1692144006",
                                "UtcTime": "1692144006",
                                "ProcessGuid": "{C784477D-1181-64DC-4F06-000000004400}",
                                "TargetFilename": "C:\\Users\\george\\AppData\\Local\\Temp\\xndf2gll.ire\\Winbox-mac.app\\Contents\\Resources\\wine\\lib\\wine\\i386-windows\\ping.exe"
                            }
                        },
                        {
                            "values": {
                                "EventID": "11",
                                "ProcessId": "8092",
                                "TargetFilename": "C:\\Users\\george\\AppData\\Local\\Temp\\xndf2gll.ire\\Winbox-mac.app\\Contents\\Resources\\wine\\lib\\wine\\i386-windows\\wscript.exe",
                                "RuleName": "EXE",
                                "CreationUtcTime": "1692144006",
                                "UtcTime": "1692144006",
                                "ProcessGuid": "{C784477D-1181-64DC-4F06-000000004400}",
                                "Image": "C:\\Windows\\SysWOW64\\7za.exe"
                            }
                        },
                        {
                            "values": {
                                "EventID": "11",
                                "ProcessId": "8092",
                                "TargetFilename": "C:\\Users\\george\\AppData\\Local\\Temp\\xndf2gll.ire\\Winbox-mac.app\\Contents\\Resources\\wine\\lib\\wine\\i386-windows\\rpcss.exe",
                                "RuleName": "EXE",
                                "CreationUtcTime": "1692144006",
                                "UtcTime": "1692144006",
                                "ProcessGuid": "{C784477D-1181-64DC-4F06-000000004400}",
                                "Image": "C:\\Windows\\SysWOW64\\7za.exe"
                            }
                        },
                        {
                            "values": {
                                "EventID": "11",
                                "ProcessId": "8092",
                                "Image": "C:\\Windows\\SysWOW64\\7za.exe",
                                "ProcessGuid": "{C784477D-1181-64DC-4F06-000000004400}",
                                "CreationUtcTime": "1692144007",
                                "UtcTime": "1692144007",
                                "RuleName": "EXE",
                                "TargetFilename": "C:\\Users\\george\\AppData\\Local\\Temp\\xndf2gll.ire\\Winbox-mac.app\\Contents\\Resources\\wine\\lib\\wine\\i386-windows\\dpvsetup.exe"
                            }
                        },
                        {
                            "values": {
                                "EventID": "11",
                                "ProcessId": "8092",
                                "TargetFilename": "C:\\Users\\george\\AppData\\Local\\Temp\\xndf2gll.ire\\Winbox-mac.app\\Contents\\Resources\\wine\\lib\\wine\\i386-windows\\clock.exe",
                                "ProcessGuid": "{C784477D-1181-64DC-4F06-000000004400}",
                                "CreationUtcTime": "1692144007",
                                "UtcTime": "1692144007",
                                "RuleName": "EXE",
                                "Image": "C:\\Windows\\SysWOW64\\7za.exe"
                            }
                        },
                        {
                            "values": {
                                "EventID": "11",
                                "ProcessId": "8092",
                                "TargetFilename": "C:\\Users\\george\\AppData\\Local\\Temp\\xndf2gll.ire\\Winbox-mac.app\\Contents\\Resources\\wine\\lib\\wine\\i386-windows\\wusa.exe",
                                "ProcessGuid": "{C784477D-1181-64DC-4F06-000000004400}",
                                "CreationUtcTime": "1692144008",
                                "UtcTime": "1692144008",
                                "RuleName": "EXE",
                                "Image": "C:\\Windows\\SysWOW64\\7za.exe"
                            }
                        },
                        {
                            "values": {
                                "EventID": "11",
                                "ProcessId": "8092",
                                "Image": "C:\\Windows\\SysWOW64\\7za.exe",
                                "RuleName": "EXE",
                                "CreationUtcTime": "1692144008",
                                "UtcTime": "1692144008",
                                "ProcessGuid": "{C784477D-1181-64DC-4F06-000000004400}",
                                "TargetFilename": "C:\\Users\\george\\AppData\\Local\\Temp\\xndf2gll.ire\\Winbox-mac.app\\Contents\\Resources\\wine\\lib\\wine\\i386-windows\\shutdown.exe"
                            }
                        },
                        {
                            "values": {
                                "EventID": "11",
                                "ProcessId": "8092",
                                "Image": "C:\\Windows\\SysWOW64\\7za.exe",
                                "RuleName": "EXE",
                                "CreationUtcTime": "1692144008",
                                "UtcTime": "1692144008",
                                "ProcessGuid": "{C784477D-1181-64DC-4F06-000000004400}",
                                "TargetFilename": "C:\\Users\\george\\AppData\\Local\\Temp\\xndf2gll.ire\\Winbox-mac.app\\Contents\\Resources\\wine\\lib\\wine\\i386-windows\\sdbinst.exe"
                            }
                        },
                        {
                            "values": {
                                "EventID": "11",
                                "ProcessId": "8092",
                                "TargetFilename": "C:\\Users\\george\\AppData\\Local\\Temp\\xndf2gll.ire\\Winbox-mac.app\\Contents\\Resources\\wine\\lib\\wine\\i386-windows\\secedit.exe",
                                "ProcessGuid": "{C784477D-1181-64DC-4F06-000000004400}",
                                "CreationUtcTime": "1692144009",
                                "UtcTime": "1692144009",
                                "RuleName": "EXE",
                                "Image": "C:\\Windows\\SysWOW64\\7za.exe"
                            }
                        },
                        {
                            "values": {
                                "EventID": "11",
                                "ProcessId": "8092",
                                "TargetFilename": "C:\\Users\\george\\AppData\\Local\\Temp\\xndf2gll.ire\\Winbox-mac.app\\Contents\\Resources\\wine\\lib\\wine\\i386-windows\\find.exe",
                                "RuleName": "EXE",
                                "CreationUtcTime": "1692144009",
                                "UtcTime": "1692144009",
                                "ProcessGuid": "{C784477D-1181-64DC-4F06-000000004400}",
                                "Image": "C:\\Windows\\SysWOW64\\7za.exe"
                            }
                        },
                        {
                            "values": {
                                "EventID": "11",
                                "ProcessId": "8092",
                                "TargetFilename": "C:\\Users\\george\\AppData\\Local\\Temp\\xndf2gll.ire\\Winbox-mac.app\\Contents\\Resources\\wine\\lib\\wine\\i386-windows\\termsv.exe",
                                "RuleName": "EXE",
                                "CreationUtcTime": "1692144009",
                                "UtcTime": "1692144009",
                                "ProcessGuid": "{C784477D-1181-64DC-4F06-000000004400}",
                                "Image": "C:\\Windows\\SysWOW64\\7za.exe"
                            }
                        },
                        {
                            "values": {
                                "EventID": "11",
                                "ProcessId": "8092",
                                "Image": "C:\\Windows\\SysWOW64\\7za.exe",
                                "RuleName": "EXE",
                                "CreationUtcTime": "1692144009",
                                "UtcTime": "1692144009",
                                "ProcessGuid": "{C784477D-1181-64DC-4F06-000000004400}",
                                "TargetFilename": "C:\\Users\\george\\AppData\\Local\\Temp\\xndf2gll.ire\\Winbox-mac.app\\Contents\\Resources\\wine\\lib\\wine\\i386-windows\\certutil.exe"
                            }
                        },
                        {
                            "values": {
                                "EventID": "11",
                                "ProcessId": "8092",
                                "TargetFilename": "C:\\Users\\george\\AppData\\Local\\Temp\\xndf2gll.ire\\Winbox-mac.app\\Contents\\Resources\\wine\\lib\\wine\\i386-windows\\mshta.exe",
                                "RuleName": "EXE",
                                "CreationUtcTime": "1692144009",
                                "UtcTime": "1692144009",
                                "ProcessGuid": "{C784477D-1181-64DC-4F06-000000004400}",
                                "Image": "C:\\Windows\\SysWOW64\\7za.exe"
                            }
                        },
                        {
                            "values": {
                                "EventID": "11",
                                "ProcessId": "8092",
                                "TargetFilename": "C:\\Users\\george\\AppData\\Local\\Temp\\xndf2gll.ire\\Winbox-mac.app\\Contents\\Resources\\wine\\lib\\wine\\i386-windows\\taskmgr.exe",
                                "RuleName": "EXE",
                                "CreationUtcTime": "1692144010",
                                "UtcTime": "1692144010",
                                "ProcessGuid": "{C784477D-1181-64DC-4F06-000000004400}",
                                "Image": "C:\\Windows\\SysWOW64\\7za.exe"
                            }
                        },
                        {
                            "values": {
                                "EventID": "11",
                                "ProcessId": "8092",
                                "TargetFilename": "C:\\Users\\george\\AppData\\Local\\Temp\\xndf2gll.ire\\Winbox-mac.app\\Contents\\Resources\\wine\\lib\\wine\\i386-windows\\findstr.exe",
                                "RuleName": "EXE",
                                "CreationUtcTime": "1692144010",
                                "UtcTime": "1692144010",
                                "ProcessGuid": "{C784477D-1181-64DC-4F06-000000004400}",
                                "Image": "C:\\Windows\\SysWOW64\\7za.exe"
                            }
                        },
                        {
                            "values": {
                                "EventID": "11",
                                "ProcessId": "8092",
                                "TargetFilename": "C:\\Users\\george\\AppData\\Local\\Temp\\xndf2gll.ire\\Winbox-mac.app\\Contents\\Resources\\wine\\lib\\wine\\i386-windows\\arp.exe",
                                "ProcessGuid": "{C784477D-1181-64DC-4F06-000000004400}",
                                "CreationUtcTime": "1692144011",
                                "UtcTime": "1692144011",
                                "RuleName": "EXE",
                                "Image": "C:\\Windows\\SysWOW64\\7za.exe"
                            }
                        },
                        {
                            "values": {
                                "EventID": "11",
                                "ProcessId": "8092",
                                "TargetFilename": "C:\\Users\\george\\AppData\\Local\\Temp\\xndf2gll.ire\\Winbox-mac.app\\Contents\\Resources\\wine\\lib\\wine\\i386-windows\\reg.exe",
                                "RuleName": "EXE",
                                "CreationUtcTime": "1692144011",
                                "UtcTime": "1692144011",
                                "ProcessGuid": "{C784477D-1181-64DC-4F06-000000004400}",
                                "Image": "C:\\Windows\\SysWOW64\\7za.exe"
                            }
                        },
                        {
                            "values": {
                                "EventID": "11",
                                "ProcessId": "8092",
                                "TargetFilename": "C:\\Users\\george\\AppData\\Local\\Temp\\xndf2gll.ire\\Winbox-mac.app\\Contents\\Resources\\wine\\lib\\wine\\i386-windows\\dllhost.exe",
                                "ProcessGuid": "{C784477D-1181-64DC-4F06-000000004400}",
                                "CreationUtcTime": "1692144011",
                                "UtcTime": "1692144011",
                                "RuleName": "EXE",
                                "Image": "C:\\Windows\\SysWOW64\\7za.exe"
                            }
                        },
                        {
                            "values": {
                                "EventID": "11",
                                "ProcessId": "8092",
                                "TargetFilename": "C:\\Users\\george\\AppData\\Local\\Temp\\xndf2gll.ire\\Winbox-mac.app\\Contents\\Resources\\wine\\lib\\wine\\i386-windows\\cscript.exe",
                                "RuleName": "EXE",
                                "CreationUtcTime": "1692144011",
                                "UtcTime": "1692144011",
                                "ProcessGuid": "{C784477D-1181-64DC-4F06-000000004400}",
                                "Image": "C:\\Windows\\SysWOW64\\7za.exe"
                            }
                        },
                        {
                            "values": {
                                "EventID": "11",
                                "ProcessId": "8092",
                                "TargetFilename": "C:\\Users\\george\\AppData\\Local\\Temp\\xndf2gll.ire\\Winbox-mac.app\\Contents\\Resources\\wine\\lib\\wine\\i386-windows\\dpnsvr.exe",
                                "ProcessGuid": "{C784477D-1181-64DC-4F06-000000004400}",
                                "CreationUtcTime": "1692144011",
                                "UtcTime": "1692144011",
                                "RuleName": "EXE",
                                "Image": "C:\\Windows\\SysWOW64\\7za.exe"
                            }
                        },
                        {
                            "values": {
                                "EventID": "11",
                                "ProcessId": "8092",
                                "TargetFilename": "C:\\Users\\george\\AppData\\Local\\Temp\\xndf2gll.ire\\Winbox-mac.app\\Contents\\Resources\\wine\\lib\\wine\\i386-windows\\progman.exe",
                                "ProcessGuid": "{C784477D-1181-64DC-4F06-000000004400}",
                                "CreationUtcTime": "1692144012",
                                "UtcTime": "1692144012",
                                "RuleName": "EXE",
                                "Image": "C:\\Windows\\SysWOW64\\7za.exe"
                            }
                        },
                        {
                            "values": {
                                "EventID": "11",
                                "ProcessId": "8092",
                                "TargetFilename": "C:\\Users\\george\\AppData\\Local\\Temp\\xndf2gll.ire\\Winbox-mac.app\\Contents\\Resources\\wine\\lib\\wine\\i386-windows\\attrib.exe",
                                "RuleName": "EXE",
                                "CreationUtcTime": "1692144012",
                                "UtcTime": "1692144012",
                                "ProcessGuid": "{C784477D-1181-64DC-4F06-000000004400}",
                                "Image": "C:\\Windows\\SysWOW64\\7za.exe"
                            }
                        },
                        {
                            "values": {
                                "EventID": "11",
                                "ProcessId": "8092",
                                "TargetFilename": "C:\\Users\\george\\AppData\\Local\\Temp\\xndf2gll.ire\\Winbox-mac.app\\Contents\\Resources\\wine\\lib\\wine\\i386-windows\\wineboot.exe",
                                "ProcessGuid": "{C784477D-1181-64DC-4F06-000000004400}",
                                "CreationUtcTime": "1692144012",
                                "UtcTime": "1692144012",
                                "RuleName": "EXE",
                                "Image": "C:\\Windows\\SysWOW64\\7za.exe"
                            }
                        },
                        {
                            "values": {
                                "EventID": "11",
                                "ProcessId": "8092",
                                "Image": "C:\\Windows\\SysWOW64\\7za.exe",
                                "RuleName": "EXE",
                                "CreationUtcTime": "1692144012",
                                "UtcTime": "1692144012",
                                "ProcessGuid": "{C784477D-1181-64DC-4F06-000000004400}",
                                "TargetFilename": "C:\\Users\\george\\AppData\\Local\\Temp\\xndf2gll.ire\\Winbox-mac.app\\Contents\\Resources\\wine\\lib\\wine\\i386-windows\\robocopy.exe"
                            }
                        },
                        {
                            "values": {
                                "EventID": "11",
                                "ProcessId": "8092",
                                "Image": "C:\\Windows\\SysWOW64\\7za.exe",
                                "RuleName": "EXE",
                                "CreationUtcTime": "1692144012",
                                "UtcTime": "1692144012",
                                "ProcessGuid": "{C784477D-1181-64DC-4F06-000000004400}",
                                "TargetFilename": "C:\\Users\\george\\AppData\\Local\\Temp\\xndf2gll.ire\\Winbox-mac.app\\Contents\\Resources\\wine\\lib\\wine\\i386-windows\\dism.exe"
                            }
                        },
                        {
                            "values": {
                                "EventID": "11",
                                "ProcessId": "8092",
                                "TargetFilename": "C:\\Users\\george\\AppData\\Local\\Temp\\xndf2gll.ire\\Winbox-mac.app\\Contents\\Resources\\wine\\lib\\wine\\i386-windows\\xcopy.exe",
                                "ProcessGuid": "{C784477D-1181-64DC-4F06-000000004400}",
                                "CreationUtcTime": "1692144013",
                                "UtcTime": "1692144013",
                                "RuleName": "EXE",
                                "Image": "C:\\Windows\\SysWOW64\\7za.exe"
                            }
                        },
                        {
                            "values": {
                                "EventID": "11",
                                "ProcessId": "8092",
                                "TargetFilename": "C:\\Users\\george\\AppData\\Local\\Temp\\xndf2gll.ire\\Winbox-mac.app\\Contents\\Resources\\wine\\lib\\wine\\i386-windows\\start.exe",
                                "RuleName": "EXE",
                                "CreationUtcTime": "1692144014",
                                "UtcTime": "1692144014",
                                "ProcessGuid": "{C784477D-1181-64DC-4F06-000000004400}",
                                "Image": "C:\\Windows\\SysWOW64\\7za.exe"
                            }
                        },
                        {
                            "values": {
                                "EventID": "11",
                                "ProcessId": "8092",
                                "TargetFilename": "C:\\Users\\george\\AppData\\Local\\Temp\\xndf2gll.ire\\Winbox-mac.app\\Contents\\Resources\\wine\\lib\\wine\\i386-windows\\icacls.exe",
                                "RuleName": "EXE",
                                "CreationUtcTime": "1692144014",
                                "UtcTime": "1692144014",
                                "ProcessGuid": "{C784477D-1181-64DC-4F06-000000004400}",
                                "Image": "C:\\Windows\\SysWOW64\\7za.exe"
                            }
                        },
                        {
                            "values": {
                                "EventID": "11",
                                "ProcessId": "8092",
                                "Image": "C:\\Windows\\SysWOW64\\7za.exe",
                                "RuleName": "EXE",
                                "CreationUtcTime": "1692144014",
                                "UtcTime": "1692144014",
                                "ProcessGuid": "{C784477D-1181-64DC-4F06-000000004400}",
                                "TargetFilename": "C:\\Users\\george\\AppData\\Local\\Temp\\xndf2gll.ire\\Winbox-mac.app\\Contents\\Resources\\wine\\lib\\wine\\i386-windows\\msinfo32.exe"
                            }
                        },
                        {
                            "values": {
                                "EventID": "11",
                                "ProcessId": "8092",
                                "Image": "C:\\Windows\\SysWOW64\\7za.exe",
                                "RuleName": "EXE",
                                "CreationUtcTime": "1692144015",
                                "UtcTime": "1692144015",
                                "ProcessGuid": "{C784477D-1181-64DC-4F06-000000004400}",
                                "TargetFilename": "C:\\Users\\george\\AppData\\Local\\Temp\\xndf2gll.ire\\Winbox-mac.app\\Contents\\Resources\\wine\\lib\\wine\\i386-windows\\regsvcs.exe"
                            }
                        },
                        {
                            "values": {
                                "EventID": "11",
                                "ProcessId": "8092",
                                "TargetFilename": "C:\\Users\\george\\AppData\\Local\\Temp\\xndf2gll.ire\\Winbox-mac.app\\Contents\\Resources\\wine\\lib\\wine\\i386-windows\\wuauserv.exe",
                                "RuleName": "EXE",
                                "CreationUtcTime": "1692144015",
                                "UtcTime": "1692144015",
                                "ProcessGuid": "{C784477D-1181-64DC-4F06-000000004400}",
                                "Image": "C:\\Windows\\SysWOW64\\7za.exe"
                            }
                        },
                        {
                            "values": {
                                "EventID": "11",
                                "ProcessId": "8092",
                                "TargetFilename": "C:\\Users\\george\\AppData\\Local\\Temp\\xndf2gll.ire\\Winbox-mac.app\\Contents\\Resources\\wine\\lib\\wine\\i386-windows\\winedbg.exe",
                                "ProcessGuid": "{C784477D-1181-64DC-4F06-000000004400}",
                                "CreationUtcTime": "1692144016",
                                "UtcTime": "1692144016",
                                "RuleName": "EXE",
                                "Image": "C:\\Windows\\SysWOW64\\7za.exe"
                            }
                        },
                        {
                            "values": {
                                "EventID": "11",
                                "ProcessId": "8092",
                                "Image": "C:\\Windows\\SysWOW64\\7za.exe",
                                "RuleName": "EXE",
                                "CreationUtcTime": "1692144016",
                                "UtcTime": "1692144016",
                                "ProcessGuid": "{C784477D-1181-64DC-4F06-000000004400}",
                                "TargetFilename": "C:\\Users\\george\\AppData\\Local\\Temp\\xndf2gll.ire\\Winbox-mac.app\\Contents\\Resources\\wine\\lib\\wine\\i386-windows\\winemenubuilder.exe"
                            }
                        },
                        {
                            "values": {
                                "EventID": "11",
                                "ProcessId": "8092",
                                "Image": "C:\\Windows\\SysWOW64\\7za.exe",
                                "RuleName": "EXE",
                                "CreationUtcTime": "1692144016",
                                "UtcTime": "1692144016",
                                "ProcessGuid": "{C784477D-1181-64DC-4F06-000000004400}",
                                "TargetFilename": "C:\\Users\\george\\AppData\\Local\\Temp\\xndf2gll.ire\\Winbox-mac.app\\Contents\\Resources\\wine\\lib\\wine\\i386-windows\\cacls.exe"
                            }
                        },
                        {
                            "values": {
                                "EventID": "11",
                                "ProcessId": "8092",
                                "Image": "C:\\Windows\\SysWOW64\\7za.exe",
                                "RuleName": "EXE",
                                "CreationUtcTime": "1692144017",
                                "UtcTime": "1692144017",
                                "ProcessGuid": "{C784477D-1181-64DC-4F06-000000004400}",
                                "TargetFilename": "C:\\Users\\george\\AppData\\Local\\Temp\\xndf2gll.ire\\Winbox-mac.app\\Contents\\Resources\\wine\\lib\\wine\\i386-windows\\write.exe"
                            }
                        },
                        {
                            "values": {
                                "EventID": "11",
                                "ProcessId": "8092",
                                "TargetFilename": "C:\\Users\\george\\AppData\\Local\\Temp\\xndf2gll.ire\\Winbox-mac.app\\Contents\\Resources\\wine\\lib\\wine\\i386-windows\\setx.exe",
                                "RuleName": "EXE",
                                "CreationUtcTime": "1692144017",
                                "UtcTime": "1692144017",
                                "ProcessGuid": "{C784477D-1181-64DC-4F06-000000004400}",
                                "Image": "C:\\Windows\\SysWOW64\\7za.exe"
                            }
                        },
                        {
                            "values": {
                                "EventID": "11",
                                "ProcessId": "8092",
                                "TargetFilename": "C:\\Users\\george\\AppData\\Local\\Temp\\xndf2gll.ire\\Winbox-mac.app\\Contents\\Resources\\wine\\lib\\wine\\i386-windows\\winevdm.exe",
                                "ProcessGuid": "{C784477D-1181-64DC-4F06-000000004400}",
                                "CreationUtcTime": "1692144017",
                                "UtcTime": "1692144017",
                                "RuleName": "EXE",
                                "Image": "C:\\Windows\\SysWOW64\\7za.exe"
                            }
                        },
                        {
                            "values": {
                                "EventID": "11",
                                "ProcessId": "8092",
                                "Image": "C:\\Windows\\SysWOW64\\7za.exe",
                                "RuleName": "EXE",
                                "CreationUtcTime": "1692144017",
                                "UtcTime": "1692144017",
                                "ProcessGuid": "{C784477D-1181-64DC-4F06-000000004400}",
                                "TargetFilename": "C:\\Users\\george\\AppData\\Local\\Temp\\xndf2gll.ire\\Winbox-mac.app\\Contents\\Resources\\wine\\lib\\wine\\i386-windows\\plugplay.exe"
                            }
                        },
                        {
                            "values": {
                                "EventID": "11",
                                "ProcessId": "8092",
                                "TargetFilename": "C:\\Users\\george\\AppData\\Local\\Temp\\xndf2gll.ire\\Winbox-mac.app\\Contents\\Resources\\wine\\lib\\wine\\i386-windows\\schtasks.exe",
                                "ProcessGuid": "{C784477D-1181-64DC-4F06-000000004400}",
                                "CreationUtcTime": "1692144017",
                                "UtcTime": "1692144017",
                                "RuleName": "EXE",
                                "Image": "C:\\Windows\\SysWOW64\\7za.exe"
                            }
                        },
                        {
                            "values": {
                                "EventID": "11",
                                "ProcessId": "8092",
                                "TargetFilename": "C:\\Users\\george\\AppData\\Local\\Temp\\xndf2gll.ire\\Winbox-mac.app\\Contents\\Resources\\wine\\lib\\wine\\i386-windows\\winecfg.exe",
                                "ProcessGuid": "{C784477D-1181-64DC-4F06-000000004400}",
                                "CreationUtcTime": "1692144018",
                                "UtcTime": "1692144018",
                                "RuleName": "EXE",
                                "Image": "C:\\Windows\\SysWOW64\\7za.exe"
                            }
                        },
                        {
                            "values": {
                                "EventID": "11",
                                "ProcessId": "8092",
                                "Image": "C:\\Windows\\SysWOW64\\7za.exe",
                                "ProcessGuid": "{C784477D-1181-64DC-4F06-000000004400}",
                                "CreationUtcTime": "1692144018",
                                "UtcTime": "1692144018",
                                "RuleName": "EXE",
                                "TargetFilename": "C:\\Users\\george\\AppData\\Local\\Temp\\xndf2gll.ire\\Winbox-mac.app\\Contents\\Resources\\wine\\lib\\wine\\i386-windows\\netsh.exe"
                            }
                        },
                        {
                            "values": {
                                "EventID": "11",
                                "ProcessId": "8092",
                                "Image": "C:\\Windows\\SysWOW64\\7za.exe",
                                "ProcessGuid": "{C784477D-1181-64DC-4F06-000000004400}",
                                "CreationUtcTime": "1692144018",
                                "UtcTime": "1692144018",
                                "RuleName": "EXE",
                                "TargetFilename": "C:\\Users\\george\\AppData\\Local\\Temp\\xndf2gll.ire\\Winbox-mac.app\\Contents\\Resources\\wine\\lib\\wine\\i386-windows\\dplaysvr.exe"
                            }
                        },
